The system is: Linux - 5.10.25-linuxkit - x86_64
Compiling the C compiler identification source file "CMakeCCompilerId.c" succeeded.
Compiler: /usr/bin/cc 
Build flags: 
Id flags:  

The output was:
0


Compilation of the C compiler identification source "CMakeCCompilerId.c" produced "a.out"

The C compiler identification is GNU, found in "/container/build/CMakeFiles/3.16.3/CompilerIdC/a.out"

Compiling the CXX compiler identification source file "CMakeCXXCompilerId.cpp" succeeded.
Compiler: /usr/bin/c++ 
Build flags: 
Id flags:  

The output was:
0


Compilation of the CXX compiler identification source "CMakeCXXCompilerId.cpp" produced "a.out"

The CXX compiler identification is GNU, found in "/container/build/CMakeFiles/3.16.3/CompilerIdCXX/a.out"

Determining if the C compiler works passed with the following output:
Change Dir: /container/build/CMakeFiles/CMakeTmp

Run Build Command(s):/usr/bin/make cmTC_fc38d/fast && /usr/bin/make -f CMakeFiles/cmTC_fc38d.dir/build.make CMakeFiles/cmTC_fc38d.dir/build
make[1]: Entering directory '/container/build/CMakeFiles/CMakeTmp'
Building C object CMakeFiles/cmTC_fc38d.dir/testCCompiler.c.o
/usr/bin/cc    -o CMakeFiles/cmTC_fc38d.dir/testCCompiler.c.o   -c /container/build/CMakeFiles/CMakeTmp/testCCompiler.c
Linking C executable cmTC_fc38d
/usr/bin/cmake -E cmake_link_script CMakeFiles/cmTC_fc38d.dir/link.txt --verbose=1
/usr/bin/cc      CMakeFiles/cmTC_fc38d.dir/testCCompiler.c.o  -o cmTC_fc38d 
make[1]: Leaving directory '/container/build/CMakeFiles/CMakeTmp'



Detecting C compiler ABI info compiled with the following output:
Change Dir: /container/build/CMakeFiles/CMakeTmp

Run Build Command(s):/usr/bin/make cmTC_91e11/fast && /usr/bin/make -f CMakeFiles/cmTC_91e11.dir/build.make CMakeFiles/cmTC_91e11.dir/build
make[1]: Entering directory '/container/build/CMakeFiles/CMakeTmp'
Building C object CMakeFiles/cmTC_91e11.dir/CMakeCCompilerABI.c.o
/usr/bin/cc   -v -o CMakeFiles/cmTC_91e11.dir/CMakeCCompilerABI.c.o   -c /usr/share/cmake-3.16/Modules/CMakeCCompilerABI.c
Using built-in specs.
COLLECT_GCC=/usr/bin/cc
OFFLOAD_TARGET_NAMES=nvptx-none:hsa
OFFLOAD_TARGET_DEFAULT=1
Target: x86_64-linux-gnu
Configured with: ../src/configure -v --with-pkgversion='Ubuntu 9.3.0-17ubuntu1~20.04' --with-bugurl=file:///usr/share/doc/gcc-9/README.Bugs --enable-languages=c,ada,c++,go,brig,d,fortran,objc,obj-c++,gm2 --prefix=/usr --with-gcc-major-version-only --program-suffix=-9 --program-prefix=x86_64-linux-gnu- --enable-shared --enable-linker-build-id --libexecdir=/usr/lib --without-included-gettext --enable-threads=posix --libdir=/usr/lib --enable-nls --enable-clocale=gnu --enable-libstdcxx-debug --enable-libstdcxx-time=yes --with-default-libstdcxx-abi=new --enable-gnu-unique-object --disable-vtable-verify --enable-plugin --enable-default-pie --with-system-zlib --with-target-system-zlib=auto --enable-objc-gc=auto --enable-multiarch --disable-werror --with-arch-32=i686 --with-abi=m64 --with-multilib-list=m32,m64,mx32 --enable-multilib --with-tune=generic --enable-offload-targets=nvptx-none=/build/gcc-9-HskZEa/gcc-9-9.3.0/debian/tmp-nvptx/usr,hsa --without-cuda-driver --enable-checking=release --build=x86_64-linux-gnu --host=x86_64-linux-gnu --target=x86_64-linux-gnu
Thread model: posix
gcc version 9.3.0 (Ubuntu 9.3.0-17ubuntu1~20.04) 
COLLECT_GCC_OPTIONS='-v' '-o' 'CMakeFiles/cmTC_91e11.dir/CMakeCCompilerABI.c.o' '-c' '-mtune=generic' '-march=x86-64'
 /usr/lib/gcc/x86_64-linux-gnu/9/cc1 -quiet -v -imultiarch x86_64-linux-gnu /usr/share/cmake-3.16/Modules/CMakeCCompilerABI.c -quiet -dumpbase CMakeCCompilerABI.c -mtune=generic -march=x86-64 -auxbase-strip CMakeFiles/cmTC_91e11.dir/CMakeCCompilerABI.c.o -version -fasynchronous-unwind-tables -fstack-protector-strong -Wformat -Wformat-security -fstack-clash-protection -fcf-protection -o /tmp/ccUvSWnK.s
GNU C17 (Ubuntu 9.3.0-17ubuntu1~20.04) version 9.3.0 (x86_64-linux-gnu)
	compiled by GNU C version 9.3.0, GMP version 6.2.0, MPFR version 4.0.2, MPC version 1.1.0, isl version isl-0.22.1-GMP

GGC heuristics: --param ggc-min-expand=100 --param ggc-min-heapsize=131072
ignoring nonexistent directory "/usr/local/include/x86_64-linux-gnu"
ignoring nonexistent directory "/usr/lib/gcc/x86_64-linux-gnu/9/include-fixed"
ignoring nonexistent directory "/usr/lib/gcc/x86_64-linux-gnu/9/../../../../x86_64-linux-gnu/include"
#include "..." search starts here:
#include <...> search starts here:
 /usr/lib/gcc/x86_64-linux-gnu/9/include
 /usr/local/include
 /usr/include/x86_64-linux-gnu
 /usr/include
End of search list.
GNU C17 (Ubuntu 9.3.0-17ubuntu1~20.04) version 9.3.0 (x86_64-linux-gnu)
	compiled by GNU C version 9.3.0, GMP version 6.2.0, MPFR version 4.0.2, MPC version 1.1.0, isl version isl-0.22.1-GMP

GGC heuristics: --param ggc-min-expand=100 --param ggc-min-heapsize=131072
Compiler executable checksum: bbf13931d8de1abe14040c9909cb6969
COLLECT_GCC_OPTIONS='-v' '-o' 'CMakeFiles/cmTC_91e11.dir/CMakeCCompilerABI.c.o' '-c' '-mtune=generic' '-march=x86-64'
 as -v --64 -o CMakeFiles/cmTC_91e11.dir/CMakeCCompilerABI.c.o /tmp/ccUvSWnK.s
GNU assembler version 2.34 (x86_64-linux-gnu) using BFD version (GNU Binutils for Ubuntu) 2.34
COMPILER_PATH=/usr/lib/gcc/x86_64-linux-gnu/9/:/usr/lib/gcc/x86_64-linux-gnu/9/:/usr/lib/gcc/x86_64-linux-gnu/:/usr/lib/gcc/x86_64-linux-gnu/9/:/usr/lib/gcc/x86_64-linux-gnu/
LIBRARY_PATH=/usr/lib/gcc/x86_64-linux-gnu/9/:/usr/lib/gcc/x86_64-linux-gnu/9/../../../x86_64-linux-gnu/:/usr/lib/gcc/x86_64-linux-gnu/9/../../../../lib/:/lib/x86_64-linux-gnu/:/lib/../lib/:/usr/lib/x86_64-linux-gnu/:/usr/lib/../lib/:/usr/lib/gcc/x86_64-linux-gnu/9/../../../:/lib/:/usr/lib/
COLLECT_GCC_OPTIONS='-v' '-o' 'CMakeFiles/cmTC_91e11.dir/CMakeCCompilerABI.c.o' '-c' '-mtune=generic' '-march=x86-64'
Linking C executable cmTC_91e11
/usr/bin/cmake -E cmake_link_script CMakeFiles/cmTC_91e11.dir/link.txt --verbose=1
/usr/bin/cc     -v CMakeFiles/cmTC_91e11.dir/CMakeCCompilerABI.c.o  -o cmTC_91e11 
Using built-in specs.
COLLECT_GCC=/usr/bin/cc
COLLECT_LTO_WRAPPER=/usr/lib/gcc/x86_64-linux-gnu/9/lto-wrapper
OFFLOAD_TARGET_NAMES=nvptx-none:hsa
OFFLOAD_TARGET_DEFAULT=1
Target: x86_64-linux-gnu
Configured with: ../src/configure -v --with-pkgversion='Ubuntu 9.3.0-17ubuntu1~20.04' --with-bugurl=file:///usr/share/doc/gcc-9/README.Bugs --enable-languages=c,ada,c++,go,brig,d,fortran,objc,obj-c++,gm2 --prefix=/usr --with-gcc-major-version-only --program-suffix=-9 --program-prefix=x86_64-linux-gnu- --enable-shared --enable-linker-build-id --libexecdir=/usr/lib --without-included-gettext --enable-threads=posix --libdir=/usr/lib --enable-nls --enable-clocale=gnu --enable-libstdcxx-debug --enable-libstdcxx-time=yes --with-default-libstdcxx-abi=new --enable-gnu-unique-object --disable-vtable-verify --enable-plugin --enable-default-pie --with-system-zlib --with-target-system-zlib=auto --enable-objc-gc=auto --enable-multiarch --disable-werror --with-arch-32=i686 --with-abi=m64 --with-multilib-list=m32,m64,mx32 --enable-multilib --with-tune=generic --enable-offload-targets=nvptx-none=/build/gcc-9-HskZEa/gcc-9-9.3.0/debian/tmp-nvptx/usr,hsa --without-cuda-driver --enable-checking=release --build=x86_64-linux-gnu --host=x86_64-linux-gnu --target=x86_64-linux-gnu
Thread model: posix
gcc version 9.3.0 (Ubuntu 9.3.0-17ubuntu1~20.04) 
COMPILER_PATH=/usr/lib/gcc/x86_64-linux-gnu/9/:/usr/lib/gcc/x86_64-linux-gnu/9/:/usr/lib/gcc/x86_64-linux-gnu/:/usr/lib/gcc/x86_64-linux-gnu/9/:/usr/lib/gcc/x86_64-linux-gnu/
LIBRARY_PATH=/usr/lib/gcc/x86_64-linux-gnu/9/:/usr/lib/gcc/x86_64-linux-gnu/9/../../../x86_64-linux-gnu/:/usr/lib/gcc/x86_64-linux-gnu/9/../../../../lib/:/lib/x86_64-linux-gnu/:/lib/../lib/:/usr/lib/x86_64-linux-gnu/:/usr/lib/../lib/:/usr/lib/gcc/x86_64-linux-gnu/9/../../../:/lib/:/usr/lib/
COLLECT_GCC_OPTIONS='-v' '-o' 'cmTC_91e11' '-mtune=generic' '-march=x86-64'
 /usr/lib/gcc/x86_64-linux-gnu/9/collect2 -plugin /usr/lib/gcc/x86_64-linux-gnu/9/liblto_plugin.so -plugin-opt=/usr/lib/gcc/x86_64-linux-gnu/9/lto-wrapper -plugin-opt=-fresolution=/tmp/ccRrUFRb.res -plugin-opt=-pass-through=-lgcc -plugin-opt=-pass-through=-lgcc_s -plugin-opt=-pass-through=-lc -plugin-opt=-pass-through=-lgcc -plugin-opt=-pass-through=-lgcc_s --build-id --eh-frame-hdr -m elf_x86_64 --hash-style=gnu --as-needed -dynamic-linker /lib64/ld-linux-x86-64.so.2 -pie -z now -z relro -o cmTC_91e11 /usr/lib/gcc/x86_64-linux-gnu/9/../../../x86_64-linux-gnu/Scrt1.o /usr/lib/gcc/x86_64-linux-gnu/9/../../../x86_64-linux-gnu/crti.o /usr/lib/gcc/x86_64-linux-gnu/9/crtbeginS.o -L/usr/lib/gcc/x86_64-linux-gnu/9 -L/usr/lib/gcc/x86_64-linux-gnu/9/../../../x86_64-linux-gnu -L/usr/lib/gcc/x86_64-linux-gnu/9/../../../../lib -L/lib/x86_64-linux-gnu -L/lib/../lib -L/usr/lib/x86_64-linux-gnu -L/usr/lib/../lib -L/usr/lib/gcc/x86_64-linux-gnu/9/../../.. CMakeFiles/cmTC_91e11.dir/CMakeCCompilerABI.c.o -lgcc --push-state --as-needed -lgcc_s --pop-state -lc -lgcc --push-state --as-needed -lgcc_s --pop-state /usr/lib/gcc/x86_64-linux-gnu/9/crtendS.o /usr/lib/gcc/x86_64-linux-gnu/9/../../../x86_64-linux-gnu/crtn.o
COLLECT_GCC_OPTIONS='-v' '-o' 'cmTC_91e11' '-mtune=generic' '-march=x86-64'
make[1]: Leaving directory '/container/build/CMakeFiles/CMakeTmp'



Parsed C implicit include dir info from above output: rv=done
  found start of include info
  found start of implicit include info
    add: [/usr/lib/gcc/x86_64-linux-gnu/9/include]
    add: [/usr/local/include]
    add: [/usr/include/x86_64-linux-gnu]
    add: [/usr/include]
  end of search list found
  collapse include dir [/usr/lib/gcc/x86_64-linux-gnu/9/include] ==> [/usr/lib/gcc/x86_64-linux-gnu/9/include]
  collapse include dir [/usr/local/include] ==> [/usr/local/include]
  collapse include dir [/usr/include/x86_64-linux-gnu] ==> [/usr/include/x86_64-linux-gnu]
  collapse include dir [/usr/include] ==> [/usr/include]
  implicit include dirs: [/usr/lib/gcc/x86_64-linux-gnu/9/include;/usr/local/include;/usr/include/x86_64-linux-gnu;/usr/include]


Parsed C implicit link information from above output:
  link line regex: [^( *|.*[/\])(ld|CMAKE_LINK_STARTFILE-NOTFOUND|([^/\]+-)?ld|collect2)[^/\]*( |$)]
  ignore line: [Change Dir: /container/build/CMakeFiles/CMakeTmp]
  ignore line: []
  ignore line: [Run Build Command(s):/usr/bin/make cmTC_91e11/fast && /usr/bin/make -f CMakeFiles/cmTC_91e11.dir/build.make CMakeFiles/cmTC_91e11.dir/build]
  ignore line: [make[1]: Entering directory '/container/build/CMakeFiles/CMakeTmp']
  ignore line: [Building C object CMakeFiles/cmTC_91e11.dir/CMakeCCompilerABI.c.o]
  ignore line: [/usr/bin/cc   -v -o CMakeFiles/cmTC_91e11.dir/CMakeCCompilerABI.c.o   -c /usr/share/cmake-3.16/Modules/CMakeCCompilerABI.c]
  ignore line: [Using built-in specs.]
  ignore line: [COLLECT_GCC=/usr/bin/cc]
  ignore line: [OFFLOAD_TARGET_NAMES=nvptx-none:hsa]
  ignore line: [OFFLOAD_TARGET_DEFAULT=1]
  ignore line: [Target: x86_64-linux-gnu]
  ignore line: [Configured with: ../src/configure -v --with-pkgversion='Ubuntu 9.3.0-17ubuntu1~20.04' --with-bugurl=file:///usr/share/doc/gcc-9/README.Bugs --enable-languages=c ada c++ go brig d fortran objc obj-c++ gm2 --prefix=/usr --with-gcc-major-version-only --program-suffix=-9 --program-prefix=x86_64-linux-gnu- --enable-shared --enable-linker-build-id --libexecdir=/usr/lib --without-included-gettext --enable-threads=posix --libdir=/usr/lib --enable-nls --enable-clocale=gnu --enable-libstdcxx-debug --enable-libstdcxx-time=yes --with-default-libstdcxx-abi=new --enable-gnu-unique-object --disable-vtable-verify --enable-plugin --enable-default-pie --with-system-zlib --with-target-system-zlib=auto --enable-objc-gc=auto --enable-multiarch --disable-werror --with-arch-32=i686 --with-abi=m64 --with-multilib-list=m32 m64 mx32 --enable-multilib --with-tune=generic --enable-offload-targets=nvptx-none=/build/gcc-9-HskZEa/gcc-9-9.3.0/debian/tmp-nvptx/usr hsa --without-cuda-driver --enable-checking=release --build=x86_64-linux-gnu --host=x86_64-linux-gnu --target=x86_64-linux-gnu]
  ignore line: [Thread model: posix]
  ignore line: [gcc version 9.3.0 (Ubuntu 9.3.0-17ubuntu1~20.04) ]
  ignore line: [COLLECT_GCC_OPTIONS='-v' '-o' 'CMakeFiles/cmTC_91e11.dir/CMakeCCompilerABI.c.o' '-c' '-mtune=generic' '-march=x86-64']
  ignore line: [ /usr/lib/gcc/x86_64-linux-gnu/9/cc1 -quiet -v -imultiarch x86_64-linux-gnu /usr/share/cmake-3.16/Modules/CMakeCCompilerABI.c -quiet -dumpbase CMakeCCompilerABI.c -mtune=generic -march=x86-64 -auxbase-strip CMakeFiles/cmTC_91e11.dir/CMakeCCompilerABI.c.o -version -fasynchronous-unwind-tables -fstack-protector-strong -Wformat -Wformat-security -fstack-clash-protection -fcf-protection -o /tmp/ccUvSWnK.s]
  ignore line: [GNU C17 (Ubuntu 9.3.0-17ubuntu1~20.04) version 9.3.0 (x86_64-linux-gnu)]
  ignore line: [	compiled by GNU C version 9.3.0  GMP version 6.2.0  MPFR version 4.0.2  MPC version 1.1.0  isl version isl-0.22.1-GMP]
  ignore line: []
  ignore line: [GGC heuristics: --param ggc-min-expand=100 --param ggc-min-heapsize=131072]
  ignore line: [ignoring nonexistent directory "/usr/local/include/x86_64-linux-gnu"]
  ignore line: [ignoring nonexistent directory "/usr/lib/gcc/x86_64-linux-gnu/9/include-fixed"]
  ignore line: [ignoring nonexistent directory "/usr/lib/gcc/x86_64-linux-gnu/9/../../../../x86_64-linux-gnu/include"]
  ignore line: [#include "..." search starts here:]
  ignore line: [#include <...> search starts here:]
  ignore line: [ /usr/lib/gcc/x86_64-linux-gnu/9/include]
  ignore line: [ /usr/local/include]
  ignore line: [ /usr/include/x86_64-linux-gnu]
  ignore line: [ /usr/include]
  ignore line: [End of search list.]
  ignore line: [GNU C17 (Ubuntu 9.3.0-17ubuntu1~20.04) version 9.3.0 (x86_64-linux-gnu)]
  ignore line: [	compiled by GNU C version 9.3.0  GMP version 6.2.0  MPFR version 4.0.2  MPC version 1.1.0  isl version isl-0.22.1-GMP]
  ignore line: []
  ignore line: [GGC heuristics: --param ggc-min-expand=100 --param ggc-min-heapsize=131072]
  ignore line: [Compiler executable checksum: bbf13931d8de1abe14040c9909cb6969]
  ignore line: [COLLECT_GCC_OPTIONS='-v' '-o' 'CMakeFiles/cmTC_91e11.dir/CMakeCCompilerABI.c.o' '-c' '-mtune=generic' '-march=x86-64']
  ignore line: [ as -v --64 -o CMakeFiles/cmTC_91e11.dir/CMakeCCompilerABI.c.o /tmp/ccUvSWnK.s]
  ignore line: [GNU assembler version 2.34 (x86_64-linux-gnu) using BFD version (GNU Binutils for Ubuntu) 2.34]
  ignore line: [COMPILER_PATH=/usr/lib/gcc/x86_64-linux-gnu/9/:/usr/lib/gcc/x86_64-linux-gnu/9/:/usr/lib/gcc/x86_64-linux-gnu/:/usr/lib/gcc/x86_64-linux-gnu/9/:/usr/lib/gcc/x86_64-linux-gnu/]
  ignore line: [LIBRARY_PATH=/usr/lib/gcc/x86_64-linux-gnu/9/:/usr/lib/gcc/x86_64-linux-gnu/9/../../../x86_64-linux-gnu/:/usr/lib/gcc/x86_64-linux-gnu/9/../../../../lib/:/lib/x86_64-linux-gnu/:/lib/../lib/:/usr/lib/x86_64-linux-gnu/:/usr/lib/../lib/:/usr/lib/gcc/x86_64-linux-gnu/9/../../../:/lib/:/usr/lib/]
  ignore line: [COLLECT_GCC_OPTIONS='-v' '-o' 'CMakeFiles/cmTC_91e11.dir/CMakeCCompilerABI.c.o' '-c' '-mtune=generic' '-march=x86-64']
  ignore line: [Linking C executable cmTC_91e11]
  ignore line: [/usr/bin/cmake -E cmake_link_script CMakeFiles/cmTC_91e11.dir/link.txt --verbose=1]
  ignore line: [/usr/bin/cc     -v CMakeFiles/cmTC_91e11.dir/CMakeCCompilerABI.c.o  -o cmTC_91e11 ]
  ignore line: [Using built-in specs.]
  ignore line: [COLLECT_GCC=/usr/bin/cc]
  ignore line: [COLLECT_LTO_WRAPPER=/usr/lib/gcc/x86_64-linux-gnu/9/lto-wrapper]
  ignore line: [OFFLOAD_TARGET_NAMES=nvptx-none:hsa]
  ignore line: [OFFLOAD_TARGET_DEFAULT=1]
  ignore line: [Target: x86_64-linux-gnu]
  ignore line: [Configured with: ../src/configure -v --with-pkgversion='Ubuntu 9.3.0-17ubuntu1~20.04' --with-bugurl=file:///usr/share/doc/gcc-9/README.Bugs --enable-languages=c ada c++ go brig d fortran objc obj-c++ gm2 --prefix=/usr --with-gcc-major-version-only --program-suffix=-9 --program-prefix=x86_64-linux-gnu- --enable-shared --enable-linker-build-id --libexecdir=/usr/lib --without-included-gettext --enable-threads=posix --libdir=/usr/lib --enable-nls --enable-clocale=gnu --enable-libstdcxx-debug --enable-libstdcxx-time=yes --with-default-libstdcxx-abi=new --enable-gnu-unique-object --disable-vtable-verify --enable-plugin --enable-default-pie --with-system-zlib --with-target-system-zlib=auto --enable-objc-gc=auto --enable-multiarch --disable-werror --with-arch-32=i686 --with-abi=m64 --with-multilib-list=m32 m64 mx32 --enable-multilib --with-tune=generic --enable-offload-targets=nvptx-none=/build/gcc-9-HskZEa/gcc-9-9.3.0/debian/tmp-nvptx/usr hsa --without-cuda-driver --enable-checking=release --build=x86_64-linux-gnu --host=x86_64-linux-gnu --target=x86_64-linux-gnu]
  ignore line: [Thread model: posix]
  ignore line: [gcc version 9.3.0 (Ubuntu 9.3.0-17ubuntu1~20.04) ]
  ignore line: [COMPILER_PATH=/usr/lib/gcc/x86_64-linux-gnu/9/:/usr/lib/gcc/x86_64-linux-gnu/9/:/usr/lib/gcc/x86_64-linux-gnu/:/usr/lib/gcc/x86_64-linux-gnu/9/:/usr/lib/gcc/x86_64-linux-gnu/]
  ignore line: [LIBRARY_PATH=/usr/lib/gcc/x86_64-linux-gnu/9/:/usr/lib/gcc/x86_64-linux-gnu/9/../../../x86_64-linux-gnu/:/usr/lib/gcc/x86_64-linux-gnu/9/../../../../lib/:/lib/x86_64-linux-gnu/:/lib/../lib/:/usr/lib/x86_64-linux-gnu/:/usr/lib/../lib/:/usr/lib/gcc/x86_64-linux-gnu/9/../../../:/lib/:/usr/lib/]
  ignore line: [COLLECT_GCC_OPTIONS='-v' '-o' 'cmTC_91e11' '-mtune=generic' '-march=x86-64']
  link line: [ /usr/lib/gcc/x86_64-linux-gnu/9/collect2 -plugin /usr/lib/gcc/x86_64-linux-gnu/9/liblto_plugin.so -plugin-opt=/usr/lib/gcc/x86_64-linux-gnu/9/lto-wrapper -plugin-opt=-fresolution=/tmp/ccRrUFRb.res -plugin-opt=-pass-through=-lgcc -plugin-opt=-pass-through=-lgcc_s -plugin-opt=-pass-through=-lc -plugin-opt=-pass-through=-lgcc -plugin-opt=-pass-through=-lgcc_s --build-id --eh-frame-hdr -m elf_x86_64 --hash-style=gnu --as-needed -dynamic-linker /lib64/ld-linux-x86-64.so.2 -pie -z now -z relro -o cmTC_91e11 /usr/lib/gcc/x86_64-linux-gnu/9/../../../x86_64-linux-gnu/Scrt1.o /usr/lib/gcc/x86_64-linux-gnu/9/../../../x86_64-linux-gnu/crti.o /usr/lib/gcc/x86_64-linux-gnu/9/crtbeginS.o -L/usr/lib/gcc/x86_64-linux-gnu/9 -L/usr/lib/gcc/x86_64-linux-gnu/9/../../../x86_64-linux-gnu -L/usr/lib/gcc/x86_64-linux-gnu/9/../../../../lib -L/lib/x86_64-linux-gnu -L/lib/../lib -L/usr/lib/x86_64-linux-gnu -L/usr/lib/../lib -L/usr/lib/gcc/x86_64-linux-gnu/9/../../.. CMakeFiles/cmTC_91e11.dir/CMakeCCompilerABI.c.o -lgcc --push-state --as-needed -lgcc_s --pop-state -lc -lgcc --push-state --as-needed -lgcc_s --pop-state /usr/lib/gcc/x86_64-linux-gnu/9/crtendS.o /usr/lib/gcc/x86_64-linux-gnu/9/../../../x86_64-linux-gnu/crtn.o]
    arg [/usr/lib/gcc/x86_64-linux-gnu/9/collect2] ==> ignore
    arg [-plugin] ==> ignore
    arg [/usr/lib/gcc/x86_64-linux-gnu/9/liblto_plugin.so] ==> ignore
    arg [-plugin-opt=/usr/lib/gcc/x86_64-linux-gnu/9/lto-wrapper] ==> ignore
    arg [-plugin-opt=-fresolution=/tmp/ccRrUFRb.res] ==> ignore
    arg [-plugin-opt=-pass-through=-lgcc] ==> ignore
    arg [-plugin-opt=-pass-through=-lgcc_s] ==> ignore
    arg [-plugin-opt=-pass-through=-lc] ==> ignore
    arg [-plugin-opt=-pass-through=-lgcc] ==> ignore
    arg [-plugin-opt=-pass-through=-lgcc_s] ==> ignore
    arg [--build-id] ==> ignore
    arg [--eh-frame-hdr] ==> ignore
    arg [-m] ==> ignore
    arg [elf_x86_64] ==> ignore
    arg [--hash-style=gnu] ==> ignore
    arg [--as-needed] ==> ignore
    arg [-dynamic-linker] ==> ignore
    arg [/lib64/ld-linux-x86-64.so.2] ==> ignore
    arg [-pie] ==> ignore
    arg [-znow] ==> ignore
    arg [-zrelro] ==> ignore
    arg [-o] ==> ignore
    arg [cmTC_91e11] ==> ignore
    arg [/usr/lib/gcc/x86_64-linux-gnu/9/../../../x86_64-linux-gnu/Scrt1.o] ==> ignore
    arg [/usr/lib/gcc/x86_64-linux-gnu/9/../../../x86_64-linux-gnu/crti.o] ==> ignore
    arg [/usr/lib/gcc/x86_64-linux-gnu/9/crtbeginS.o] ==> ignore
    arg [-L/usr/lib/gcc/x86_64-linux-gnu/9] ==> dir [/usr/lib/gcc/x86_64-linux-gnu/9]
    arg [-L/usr/lib/gcc/x86_64-linux-gnu/9/../../../x86_64-linux-gnu] ==> dir [/usr/lib/gcc/x86_64-linux-gnu/9/../../../x86_64-linux-gnu]
    arg [-L/usr/lib/gcc/x86_64-linux-gnu/9/../../../../lib] ==> dir [/usr/lib/gcc/x86_64-linux-gnu/9/../../../../lib]
    arg [-L/lib/x86_64-linux-gnu] ==> dir [/lib/x86_64-linux-gnu]
    arg [-L/lib/../lib] ==> dir [/lib/../lib]
    arg [-L/usr/lib/x86_64-linux-gnu] ==> dir [/usr/lib/x86_64-linux-gnu]
    arg [-L/usr/lib/../lib] ==> dir [/usr/lib/../lib]
    arg [-L/usr/lib/gcc/x86_64-linux-gnu/9/../../..] ==> dir [/usr/lib/gcc/x86_64-linux-gnu/9/../../..]
    arg [CMakeFiles/cmTC_91e11.dir/CMakeCCompilerABI.c.o] ==> ignore
    arg [-lgcc] ==> lib [gcc]
    arg [--push-state] ==> ignore
    arg [--as-needed] ==> ignore
    arg [-lgcc_s] ==> lib [gcc_s]
    arg [--pop-state] ==> ignore
    arg [-lc] ==> lib [c]
    arg [-lgcc] ==> lib [gcc]
    arg [--push-state] ==> ignore
    arg [--as-needed] ==> ignore
    arg [-lgcc_s] ==> lib [gcc_s]
    arg [--pop-state] ==> ignore
    arg [/usr/lib/gcc/x86_64-linux-gnu/9/crtendS.o] ==> ignore
    arg [/usr/lib/gcc/x86_64-linux-gnu/9/../../../x86_64-linux-gnu/crtn.o] ==> ignore
  collapse library dir [/usr/lib/gcc/x86_64-linux-gnu/9] ==> [/usr/lib/gcc/x86_64-linux-gnu/9]
  collapse library dir [/usr/lib/gcc/x86_64-linux-gnu/9/../../../x86_64-linux-gnu] ==> [/usr/lib/x86_64-linux-gnu]
  collapse library dir [/usr/lib/gcc/x86_64-linux-gnu/9/../../../../lib] ==> [/usr/lib]
  collapse library dir [/lib/x86_64-linux-gnu] ==> [/lib/x86_64-linux-gnu]
  collapse library dir [/lib/../lib] ==> [/lib]
  collapse library dir [/usr/lib/x86_64-linux-gnu] ==> [/usr/lib/x86_64-linux-gnu]
  collapse library dir [/usr/lib/../lib] ==> [/usr/lib]
  collapse library dir [/usr/lib/gcc/x86_64-linux-gnu/9/../../..] ==> [/usr/lib]
  implicit libs: [gcc;gcc_s;c;gcc;gcc_s]
  implicit dirs: [/usr/lib/gcc/x86_64-linux-gnu/9;/usr/lib/x86_64-linux-gnu;/usr/lib;/lib/x86_64-linux-gnu;/lib]
  implicit fwks: []


Determining if the CXX compiler works passed with the following output:
Change Dir: /container/build/CMakeFiles/CMakeTmp

Run Build Command(s):/usr/bin/make cmTC_5f7c6/fast && /usr/bin/make -f CMakeFiles/cmTC_5f7c6.dir/build.make CMakeFiles/cmTC_5f7c6.dir/build
make[1]: Entering directory '/container/build/CMakeFiles/CMakeTmp'
Building CXX object CMakeFiles/cmTC_5f7c6.dir/testCXXCompiler.cxx.o
/usr/bin/c++     -o CMakeFiles/cmTC_5f7c6.dir/testCXXCompiler.cxx.o -c /container/build/CMakeFiles/CMakeTmp/testCXXCompiler.cxx
Linking CXX executable cmTC_5f7c6
/usr/bin/cmake -E cmake_link_script CMakeFiles/cmTC_5f7c6.dir/link.txt --verbose=1
/usr/bin/c++       CMakeFiles/cmTC_5f7c6.dir/testCXXCompiler.cxx.o  -o cmTC_5f7c6 
make[1]: Leaving directory '/container/build/CMakeFiles/CMakeTmp'



Detecting CXX compiler ABI info compiled with the following output:
Change Dir: /container/build/CMakeFiles/CMakeTmp

Run Build Command(s):/usr/bin/make cmTC_25023/fast && /usr/bin/make -f CMakeFiles/cmTC_25023.dir/build.make CMakeFiles/cmTC_25023.dir/build
make[1]: Entering directory '/container/build/CMakeFiles/CMakeTmp'
Building CXX object CMakeFiles/cmTC_25023.dir/CMakeCXXCompilerABI.cpp.o
/usr/bin/c++    -v -o CMakeFiles/cmTC_25023.dir/CMakeCXXCompilerABI.cpp.o -c /usr/share/cmake-3.16/Modules/CMakeCXXCompilerABI.cpp
Using built-in specs.
COLLECT_GCC=/usr/bin/c++
OFFLOAD_TARGET_NAMES=nvptx-none:hsa
OFFLOAD_TARGET_DEFAULT=1
Target: x86_64-linux-gnu
Configured with: ../src/configure -v --with-pkgversion='Ubuntu 9.3.0-17ubuntu1~20.04' --with-bugurl=file:///usr/share/doc/gcc-9/README.Bugs --enable-languages=c,ada,c++,go,brig,d,fortran,objc,obj-c++,gm2 --prefix=/usr --with-gcc-major-version-only --program-suffix=-9 --program-prefix=x86_64-linux-gnu- --enable-shared --enable-linker-build-id --libexecdir=/usr/lib --without-included-gettext --enable-threads=posix --libdir=/usr/lib --enable-nls --enable-clocale=gnu --enable-libstdcxx-debug --enable-libstdcxx-time=yes --with-default-libstdcxx-abi=new --enable-gnu-unique-object --disable-vtable-verify --enable-plugin --enable-default-pie --with-system-zlib --with-target-system-zlib=auto --enable-objc-gc=auto --enable-multiarch --disable-werror --with-arch-32=i686 --with-abi=m64 --with-multilib-list=m32,m64,mx32 --enable-multilib --with-tune=generic --enable-offload-targets=nvptx-none=/build/gcc-9-HskZEa/gcc-9-9.3.0/debian/tmp-nvptx/usr,hsa --without-cuda-driver --enable-checking=release --build=x86_64-linux-gnu --host=x86_64-linux-gnu --target=x86_64-linux-gnu
Thread model: posix
gcc version 9.3.0 (Ubuntu 9.3.0-17ubuntu1~20.04) 
COLLECT_GCC_OPTIONS='-v' '-o' 'CMakeFiles/cmTC_25023.dir/CMakeCXXCompilerABI.cpp.o' '-c' '-shared-libgcc' '-mtune=generic' '-march=x86-64'
 /usr/lib/gcc/x86_64-linux-gnu/9/cc1plus -quiet -v -imultiarch x86_64-linux-gnu -D_GNU_SOURCE /usr/share/cmake-3.16/Modules/CMakeCXXCompilerABI.cpp -quiet -dumpbase CMakeCXXCompilerABI.cpp -mtune=generic -march=x86-64 -auxbase-strip CMakeFiles/cmTC_25023.dir/CMakeCXXCompilerABI.cpp.o -version -fasynchronous-unwind-tables -fstack-protector-strong -Wformat -Wformat-security -fstack-clash-protection -fcf-protection -o /tmp/ccf6w8DK.s
GNU C++14 (Ubuntu 9.3.0-17ubuntu1~20.04) version 9.3.0 (x86_64-linux-gnu)
	compiled by GNU C version 9.3.0, GMP version 6.2.0, MPFR version 4.0.2, MPC version 1.1.0, isl version isl-0.22.1-GMP

GGC heuristics: --param ggc-min-expand=100 --param ggc-min-heapsize=131072
ignoring duplicate directory "/usr/include/x86_64-linux-gnu/c++/9"
ignoring nonexistent directory "/usr/local/include/x86_64-linux-gnu"
ignoring nonexistent directory "/usr/lib/gcc/x86_64-linux-gnu/9/include-fixed"
ignoring nonexistent directory "/usr/lib/gcc/x86_64-linux-gnu/9/../../../../x86_64-linux-gnu/include"
#include "..." search starts here:
#include <...> search starts here:
 /usr/include/c++/9
 /usr/include/x86_64-linux-gnu/c++/9
 /usr/include/c++/9/backward
 /usr/lib/gcc/x86_64-linux-gnu/9/include
 /usr/local/include
 /usr/include/x86_64-linux-gnu
 /usr/include
End of search list.
GNU C++14 (Ubuntu 9.3.0-17ubuntu1~20.04) version 9.3.0 (x86_64-linux-gnu)
	compiled by GNU C version 9.3.0, GMP version 6.2.0, MPFR version 4.0.2, MPC version 1.1.0, isl version isl-0.22.1-GMP

GGC heuristics: --param ggc-min-expand=100 --param ggc-min-heapsize=131072
Compiler executable checksum: 466f818abe2f30ba03783f22bd12d815
COLLECT_GCC_OPTIONS='-v' '-o' 'CMakeFiles/cmTC_25023.dir/CMakeCXXCompilerABI.cpp.o' '-c' '-shared-libgcc' '-mtune=generic' '-march=x86-64'
 as -v --64 -o CMakeFiles/cmTC_25023.dir/CMakeCXXCompilerABI.cpp.o /tmp/ccf6w8DK.s
GNU assembler version 2.34 (x86_64-linux-gnu) using BFD version (GNU Binutils for Ubuntu) 2.34
COMPILER_PATH=/usr/lib/gcc/x86_64-linux-gnu/9/:/usr/lib/gcc/x86_64-linux-gnu/9/:/usr/lib/gcc/x86_64-linux-gnu/:/usr/lib/gcc/x86_64-linux-gnu/9/:/usr/lib/gcc/x86_64-linux-gnu/
LIBRARY_PATH=/usr/lib/gcc/x86_64-linux-gnu/9/:/usr/lib/gcc/x86_64-linux-gnu/9/../../../x86_64-linux-gnu/:/usr/lib/gcc/x86_64-linux-gnu/9/../../../../lib/:/lib/x86_64-linux-gnu/:/lib/../lib/:/usr/lib/x86_64-linux-gnu/:/usr/lib/../lib/:/usr/lib/gcc/x86_64-linux-gnu/9/../../../:/lib/:/usr/lib/
COLLECT_GCC_OPTIONS='-v' '-o' 'CMakeFiles/cmTC_25023.dir/CMakeCXXCompilerABI.cpp.o' '-c' '-shared-libgcc' '-mtune=generic' '-march=x86-64'
Linking CXX executable cmTC_25023
/usr/bin/cmake -E cmake_link_script CMakeFiles/cmTC_25023.dir/link.txt --verbose=1
/usr/bin/c++      -v CMakeFiles/cmTC_25023.dir/CMakeCXXCompilerABI.cpp.o  -o cmTC_25023 
Using built-in specs.
COLLECT_GCC=/usr/bin/c++
COLLECT_LTO_WRAPPER=/usr/lib/gcc/x86_64-linux-gnu/9/lto-wrapper
OFFLOAD_TARGET_NAMES=nvptx-none:hsa
OFFLOAD_TARGET_DEFAULT=1
Target: x86_64-linux-gnu
Configured with: ../src/configure -v --with-pkgversion='Ubuntu 9.3.0-17ubuntu1~20.04' --with-bugurl=file:///usr/share/doc/gcc-9/README.Bugs --enable-languages=c,ada,c++,go,brig,d,fortran,objc,obj-c++,gm2 --prefix=/usr --with-gcc-major-version-only --program-suffix=-9 --program-prefix=x86_64-linux-gnu- --enable-shared --enable-linker-build-id --libexecdir=/usr/lib --without-included-gettext --enable-threads=posix --libdir=/usr/lib --enable-nls --enable-clocale=gnu --enable-libstdcxx-debug --enable-libstdcxx-time=yes --with-default-libstdcxx-abi=new --enable-gnu-unique-object --disable-vtable-verify --enable-plugin --enable-default-pie --with-system-zlib --with-target-system-zlib=auto --enable-objc-gc=auto --enable-multiarch --disable-werror --with-arch-32=i686 --with-abi=m64 --with-multilib-list=m32,m64,mx32 --enable-multilib --with-tune=generic --enable-offload-targets=nvptx-none=/build/gcc-9-HskZEa/gcc-9-9.3.0/debian/tmp-nvptx/usr,hsa --without-cuda-driver --enable-checking=release --build=x86_64-linux-gnu --host=x86_64-linux-gnu --target=x86_64-linux-gnu
Thread model: posix
gcc version 9.3.0 (Ubuntu 9.3.0-17ubuntu1~20.04) 
COMPILER_PATH=/usr/lib/gcc/x86_64-linux-gnu/9/:/usr/lib/gcc/x86_64-linux-gnu/9/:/usr/lib/gcc/x86_64-linux-gnu/:/usr/lib/gcc/x86_64-linux-gnu/9/:/usr/lib/gcc/x86_64-linux-gnu/
LIBRARY_PATH=/usr/lib/gcc/x86_64-linux-gnu/9/:/usr/lib/gcc/x86_64-linux-gnu/9/../../../x86_64-linux-gnu/:/usr/lib/gcc/x86_64-linux-gnu/9/../../../../lib/:/lib/x86_64-linux-gnu/:/lib/../lib/:/usr/lib/x86_64-linux-gnu/:/usr/lib/../lib/:/usr/lib/gcc/x86_64-linux-gnu/9/../../../:/lib/:/usr/lib/
COLLECT_GCC_OPTIONS='-v' '-o' 'cmTC_25023' '-shared-libgcc' '-mtune=generic' '-march=x86-64'
 /usr/lib/gcc/x86_64-linux-gnu/9/collect2 -plugin /usr/lib/gcc/x86_64-linux-gnu/9/liblto_plugin.so -plugin-opt=/usr/lib/gcc/x86_64-linux-gnu/9/lto-wrapper -plugin-opt=-fresolution=/tmp/ccJVqLEb.res -plugin-opt=-pass-through=-lgcc_s -plugin-opt=-pass-through=-lgcc -plugin-opt=-pass-through=-lc -plugin-opt=-pass-through=-lgcc_s -plugin-opt=-pass-through=-lgcc --build-id --eh-frame-hdr -m elf_x86_64 --hash-style=gnu --as-needed -dynamic-linker /lib64/ld-linux-x86-64.so.2 -pie -z now -z relro -o cmTC_25023 /usr/lib/gcc/x86_64-linux-gnu/9/../../../x86_64-linux-gnu/Scrt1.o /usr/lib/gcc/x86_64-linux-gnu/9/../../../x86_64-linux-gnu/crti.o /usr/lib/gcc/x86_64-linux-gnu/9/crtbeginS.o -L/usr/lib/gcc/x86_64-linux-gnu/9 -L/usr/lib/gcc/x86_64-linux-gnu/9/../../../x86_64-linux-gnu -L/usr/lib/gcc/x86_64-linux-gnu/9/../../../../lib -L/lib/x86_64-linux-gnu -L/lib/../lib -L/usr/lib/x86_64-linux-gnu -L/usr/lib/../lib -L/usr/lib/gcc/x86_64-linux-gnu/9/../../.. CMakeFiles/cmTC_25023.dir/CMakeCXXCompilerABI.cpp.o -lstdc++ -lm -lgcc_s -lgcc -lc -lgcc_s -lgcc /usr/lib/gcc/x86_64-linux-gnu/9/crtendS.o /usr/lib/gcc/x86_64-linux-gnu/9/../../../x86_64-linux-gnu/crtn.o
COLLECT_GCC_OPTIONS='-v' '-o' 'cmTC_25023' '-shared-libgcc' '-mtune=generic' '-march=x86-64'
make[1]: Leaving directory '/container/build/CMakeFiles/CMakeTmp'



Parsed CXX implicit include dir info from above output: rv=done
  found start of include info
  found start of implicit include info
    add: [/usr/include/c++/9]
    add: [/usr/include/x86_64-linux-gnu/c++/9]
    add: [/usr/include/c++/9/backward]
    add: [/usr/lib/gcc/x86_64-linux-gnu/9/include]
    add: [/usr/local/include]
    add: [/usr/include/x86_64-linux-gnu]
    add: [/usr/include]
  end of search list found
  collapse include dir [/usr/include/c++/9] ==> [/usr/include/c++/9]
  collapse include dir [/usr/include/x86_64-linux-gnu/c++/9] ==> [/usr/include/x86_64-linux-gnu/c++/9]
  collapse include dir [/usr/include/c++/9/backward] ==> [/usr/include/c++/9/backward]
  collapse include dir [/usr/lib/gcc/x86_64-linux-gnu/9/include] ==> [/usr/lib/gcc/x86_64-linux-gnu/9/include]
  collapse include dir [/usr/local/include] ==> [/usr/local/include]
  collapse include dir [/usr/include/x86_64-linux-gnu] ==> [/usr/include/x86_64-linux-gnu]
  collapse include dir [/usr/include] ==> [/usr/include]
  implicit include dirs: [/usr/include/c++/9;/usr/include/x86_64-linux-gnu/c++/9;/usr/include/c++/9/backward;/usr/lib/gcc/x86_64-linux-gnu/9/include;/usr/local/include;/usr/include/x86_64-linux-gnu;/usr/include]


Parsed CXX implicit link information from above output:
  link line regex: [^( *|.*[/\])(ld|CMAKE_LINK_STARTFILE-NOTFOUND|([^/\]+-)?ld|collect2)[^/\]*( |$)]
  ignore line: [Change Dir: /container/build/CMakeFiles/CMakeTmp]
  ignore line: []
  ignore line: [Run Build Command(s):/usr/bin/make cmTC_25023/fast && /usr/bin/make -f CMakeFiles/cmTC_25023.dir/build.make CMakeFiles/cmTC_25023.dir/build]
  ignore line: [make[1]: Entering directory '/container/build/CMakeFiles/CMakeTmp']
  ignore line: [Building CXX object CMakeFiles/cmTC_25023.dir/CMakeCXXCompilerABI.cpp.o]
  ignore line: [/usr/bin/c++    -v -o CMakeFiles/cmTC_25023.dir/CMakeCXXCompilerABI.cpp.o -c /usr/share/cmake-3.16/Modules/CMakeCXXCompilerABI.cpp]
  ignore line: [Using built-in specs.]
  ignore line: [COLLECT_GCC=/usr/bin/c++]
  ignore line: [OFFLOAD_TARGET_NAMES=nvptx-none:hsa]
  ignore line: [OFFLOAD_TARGET_DEFAULT=1]
  ignore line: [Target: x86_64-linux-gnu]
  ignore line: [Configured with: ../src/configure -v --with-pkgversion='Ubuntu 9.3.0-17ubuntu1~20.04' --with-bugurl=file:///usr/share/doc/gcc-9/README.Bugs --enable-languages=c ada c++ go brig d fortran objc obj-c++ gm2 --prefix=/usr --with-gcc-major-version-only --program-suffix=-9 --program-prefix=x86_64-linux-gnu- --enable-shared --enable-linker-build-id --libexecdir=/usr/lib --without-included-gettext --enable-threads=posix --libdir=/usr/lib --enable-nls --enable-clocale=gnu --enable-libstdcxx-debug --enable-libstdcxx-time=yes --with-default-libstdcxx-abi=new --enable-gnu-unique-object --disable-vtable-verify --enable-plugin --enable-default-pie --with-system-zlib --with-target-system-zlib=auto --enable-objc-gc=auto --enable-multiarch --disable-werror --with-arch-32=i686 --with-abi=m64 --with-multilib-list=m32 m64 mx32 --enable-multilib --with-tune=generic --enable-offload-targets=nvptx-none=/build/gcc-9-HskZEa/gcc-9-9.3.0/debian/tmp-nvptx/usr hsa --without-cuda-driver --enable-checking=release --build=x86_64-linux-gnu --host=x86_64-linux-gnu --target=x86_64-linux-gnu]
  ignore line: [Thread model: posix]
  ignore line: [gcc version 9.3.0 (Ubuntu 9.3.0-17ubuntu1~20.04) ]
  ignore line: [COLLECT_GCC_OPTIONS='-v' '-o' 'CMakeFiles/cmTC_25023.dir/CMakeCXXCompilerABI.cpp.o' '-c' '-shared-libgcc' '-mtune=generic' '-march=x86-64']
  ignore line: [ /usr/lib/gcc/x86_64-linux-gnu/9/cc1plus -quiet -v -imultiarch x86_64-linux-gnu -D_GNU_SOURCE /usr/share/cmake-3.16/Modules/CMakeCXXCompilerABI.cpp -quiet -dumpbase CMakeCXXCompilerABI.cpp -mtune=generic -march=x86-64 -auxbase-strip CMakeFiles/cmTC_25023.dir/CMakeCXXCompilerABI.cpp.o -version -fasynchronous-unwind-tables -fstack-protector-strong -Wformat -Wformat-security -fstack-clash-protection -fcf-protection -o /tmp/ccf6w8DK.s]
  ignore line: [GNU C++14 (Ubuntu 9.3.0-17ubuntu1~20.04) version 9.3.0 (x86_64-linux-gnu)]
  ignore line: [	compiled by GNU C version 9.3.0  GMP version 6.2.0  MPFR version 4.0.2  MPC version 1.1.0  isl version isl-0.22.1-GMP]
  ignore line: []
  ignore line: [GGC heuristics: --param ggc-min-expand=100 --param ggc-min-heapsize=131072]
  ignore line: [ignoring duplicate directory "/usr/include/x86_64-linux-gnu/c++/9"]
  ignore line: [ignoring nonexistent directory "/usr/local/include/x86_64-linux-gnu"]
  ignore line: [ignoring nonexistent directory "/usr/lib/gcc/x86_64-linux-gnu/9/include-fixed"]
  ignore line: [ignoring nonexistent directory "/usr/lib/gcc/x86_64-linux-gnu/9/../../../../x86_64-linux-gnu/include"]
  ignore line: [#include "..." search starts here:]
  ignore line: [#include <...> search starts here:]
  ignore line: [ /usr/include/c++/9]
  ignore line: [ /usr/include/x86_64-linux-gnu/c++/9]
  ignore line: [ /usr/include/c++/9/backward]
  ignore line: [ /usr/lib/gcc/x86_64-linux-gnu/9/include]
  ignore line: [ /usr/local/include]
  ignore line: [ /usr/include/x86_64-linux-gnu]
  ignore line: [ /usr/include]
  ignore line: [End of search list.]
  ignore line: [GNU C++14 (Ubuntu 9.3.0-17ubuntu1~20.04) version 9.3.0 (x86_64-linux-gnu)]
  ignore line: [	compiled by GNU C version 9.3.0  GMP version 6.2.0  MPFR version 4.0.2  MPC version 1.1.0  isl version isl-0.22.1-GMP]
  ignore line: []
  ignore line: [GGC heuristics: --param ggc-min-expand=100 --param ggc-min-heapsize=131072]
  ignore line: [Compiler executable checksum: 466f818abe2f30ba03783f22bd12d815]
  ignore line: [COLLECT_GCC_OPTIONS='-v' '-o' 'CMakeFiles/cmTC_25023.dir/CMakeCXXCompilerABI.cpp.o' '-c' '-shared-libgcc' '-mtune=generic' '-march=x86-64']
  ignore line: [ as -v --64 -o CMakeFiles/cmTC_25023.dir/CMakeCXXCompilerABI.cpp.o /tmp/ccf6w8DK.s]
  ignore line: [GNU assembler version 2.34 (x86_64-linux-gnu) using BFD version (GNU Binutils for Ubuntu) 2.34]
  ignore line: [COMPILER_PATH=/usr/lib/gcc/x86_64-linux-gnu/9/:/usr/lib/gcc/x86_64-linux-gnu/9/:/usr/lib/gcc/x86_64-linux-gnu/:/usr/lib/gcc/x86_64-linux-gnu/9/:/usr/lib/gcc/x86_64-linux-gnu/]
  ignore line: [LIBRARY_PATH=/usr/lib/gcc/x86_64-linux-gnu/9/:/usr/lib/gcc/x86_64-linux-gnu/9/../../../x86_64-linux-gnu/:/usr/lib/gcc/x86_64-linux-gnu/9/../../../../lib/:/lib/x86_64-linux-gnu/:/lib/../lib/:/usr/lib/x86_64-linux-gnu/:/usr/lib/../lib/:/usr/lib/gcc/x86_64-linux-gnu/9/../../../:/lib/:/usr/lib/]
  ignore line: [COLLECT_GCC_OPTIONS='-v' '-o' 'CMakeFiles/cmTC_25023.dir/CMakeCXXCompilerABI.cpp.o' '-c' '-shared-libgcc' '-mtune=generic' '-march=x86-64']
  ignore line: [Linking CXX executable cmTC_25023]
  ignore line: [/usr/bin/cmake -E cmake_link_script CMakeFiles/cmTC_25023.dir/link.txt --verbose=1]
  ignore line: [/usr/bin/c++      -v CMakeFiles/cmTC_25023.dir/CMakeCXXCompilerABI.cpp.o  -o cmTC_25023 ]
  ignore line: [Using built-in specs.]
  ignore line: [COLLECT_GCC=/usr/bin/c++]
  ignore line: [COLLECT_LTO_WRAPPER=/usr/lib/gcc/x86_64-linux-gnu/9/lto-wrapper]
  ignore line: [OFFLOAD_TARGET_NAMES=nvptx-none:hsa]
  ignore line: [OFFLOAD_TARGET_DEFAULT=1]
  ignore line: [Target: x86_64-linux-gnu]
  ignore line: [Configured with: ../src/configure -v --with-pkgversion='Ubuntu 9.3.0-17ubuntu1~20.04' --with-bugurl=file:///usr/share/doc/gcc-9/README.Bugs --enable-languages=c ada c++ go brig d fortran objc obj-c++ gm2 --prefix=/usr --with-gcc-major-version-only --program-suffix=-9 --program-prefix=x86_64-linux-gnu- --enable-shared --enable-linker-build-id --libexecdir=/usr/lib --without-included-gettext --enable-threads=posix --libdir=/usr/lib --enable-nls --enable-clocale=gnu --enable-libstdcxx-debug --enable-libstdcxx-time=yes --with-default-libstdcxx-abi=new --enable-gnu-unique-object --disable-vtable-verify --enable-plugin --enable-default-pie --with-system-zlib --with-target-system-zlib=auto --enable-objc-gc=auto --enable-multiarch --disable-werror --with-arch-32=i686 --with-abi=m64 --with-multilib-list=m32 m64 mx32 --enable-multilib --with-tune=generic --enable-offload-targets=nvptx-none=/build/gcc-9-HskZEa/gcc-9-9.3.0/debian/tmp-nvptx/usr hsa --without-cuda-driver --enable-checking=release --build=x86_64-linux-gnu --host=x86_64-linux-gnu --target=x86_64-linux-gnu]
  ignore line: [Thread model: posix]
  ignore line: [gcc version 9.3.0 (Ubuntu 9.3.0-17ubuntu1~20.04) ]
  ignore line: [COMPILER_PATH=/usr/lib/gcc/x86_64-linux-gnu/9/:/usr/lib/gcc/x86_64-linux-gnu/9/:/usr/lib/gcc/x86_64-linux-gnu/:/usr/lib/gcc/x86_64-linux-gnu/9/:/usr/lib/gcc/x86_64-linux-gnu/]
  ignore line: [LIBRARY_PATH=/usr/lib/gcc/x86_64-linux-gnu/9/:/usr/lib/gcc/x86_64-linux-gnu/9/../../../x86_64-linux-gnu/:/usr/lib/gcc/x86_64-linux-gnu/9/../../../../lib/:/lib/x86_64-linux-gnu/:/lib/../lib/:/usr/lib/x86_64-linux-gnu/:/usr/lib/../lib/:/usr/lib/gcc/x86_64-linux-gnu/9/../../../:/lib/:/usr/lib/]
  ignore line: [COLLECT_GCC_OPTIONS='-v' '-o' 'cmTC_25023' '-shared-libgcc' '-mtune=generic' '-march=x86-64']
  link line: [ /usr/lib/gcc/x86_64-linux-gnu/9/collect2 -plugin /usr/lib/gcc/x86_64-linux-gnu/9/liblto_plugin.so -plugin-opt=/usr/lib/gcc/x86_64-linux-gnu/9/lto-wrapper -plugin-opt=-fresolution=/tmp/ccJVqLEb.res -plugin-opt=-pass-through=-lgcc_s -plugin-opt=-pass-through=-lgcc -plugin-opt=-pass-through=-lc -plugin-opt=-pass-through=-lgcc_s -plugin-opt=-pass-through=-lgcc --build-id --eh-frame-hdr -m elf_x86_64 --hash-style=gnu --as-needed -dynamic-linker /lib64/ld-linux-x86-64.so.2 -pie -z now -z relro -o cmTC_25023 /usr/lib/gcc/x86_64-linux-gnu/9/../../../x86_64-linux-gnu/Scrt1.o /usr/lib/gcc/x86_64-linux-gnu/9/../../../x86_64-linux-gnu/crti.o /usr/lib/gcc/x86_64-linux-gnu/9/crtbeginS.o -L/usr/lib/gcc/x86_64-linux-gnu/9 -L/usr/lib/gcc/x86_64-linux-gnu/9/../../../x86_64-linux-gnu -L/usr/lib/gcc/x86_64-linux-gnu/9/../../../../lib -L/lib/x86_64-linux-gnu -L/lib/../lib -L/usr/lib/x86_64-linux-gnu -L/usr/lib/../lib -L/usr/lib/gcc/x86_64-linux-gnu/9/../../.. CMakeFiles/cmTC_25023.dir/CMakeCXXCompilerABI.cpp.o -lstdc++ -lm -lgcc_s -lgcc -lc -lgcc_s -lgcc /usr/lib/gcc/x86_64-linux-gnu/9/crtendS.o /usr/lib/gcc/x86_64-linux-gnu/9/../../../x86_64-linux-gnu/crtn.o]
    arg [/usr/lib/gcc/x86_64-linux-gnu/9/collect2] ==> ignore
    arg [-plugin] ==> ignore
    arg [/usr/lib/gcc/x86_64-linux-gnu/9/liblto_plugin.so] ==> ignore
    arg [-plugin-opt=/usr/lib/gcc/x86_64-linux-gnu/9/lto-wrapper] ==> ignore
    arg [-plugin-opt=-fresolution=/tmp/ccJVqLEb.res] ==> ignore
    arg [-plugin-opt=-pass-through=-lgcc_s] ==> ignore
    arg [-plugin-opt=-pass-through=-lgcc] ==> ignore
    arg [-plugin-opt=-pass-through=-lc] ==> ignore
    arg [-plugin-opt=-pass-through=-lgcc_s] ==> ignore
    arg [-plugin-opt=-pass-through=-lgcc] ==> ignore
    arg [--build-id] ==> ignore
    arg [--eh-frame-hdr] ==> ignore
    arg [-m] ==> ignore
    arg [elf_x86_64] ==> ignore
    arg [--hash-style=gnu] ==> ignore
    arg [--as-needed] ==> ignore
    arg [-dynamic-linker] ==> ignore
    arg [/lib64/ld-linux-x86-64.so.2] ==> ignore
    arg [-pie] ==> ignore
    arg [-znow] ==> ignore
    arg [-zrelro] ==> ignore
    arg [-o] ==> ignore
    arg [cmTC_25023] ==> ignore
    arg [/usr/lib/gcc/x86_64-linux-gnu/9/../../../x86_64-linux-gnu/Scrt1.o] ==> ignore
    arg [/usr/lib/gcc/x86_64-linux-gnu/9/../../../x86_64-linux-gnu/crti.o] ==> ignore
    arg [/usr/lib/gcc/x86_64-linux-gnu/9/crtbeginS.o] ==> ignore
    arg [-L/usr/lib/gcc/x86_64-linux-gnu/9] ==> dir [/usr/lib/gcc/x86_64-linux-gnu/9]
    arg [-L/usr/lib/gcc/x86_64-linux-gnu/9/../../../x86_64-linux-gnu] ==> dir [/usr/lib/gcc/x86_64-linux-gnu/9/../../../x86_64-linux-gnu]
    arg [-L/usr/lib/gcc/x86_64-linux-gnu/9/../../../../lib] ==> dir [/usr/lib/gcc/x86_64-linux-gnu/9/../../../../lib]
    arg [-L/lib/x86_64-linux-gnu] ==> dir [/lib/x86_64-linux-gnu]
    arg [-L/lib/../lib] ==> dir [/lib/../lib]
    arg [-L/usr/lib/x86_64-linux-gnu] ==> dir [/usr/lib/x86_64-linux-gnu]
    arg [-L/usr/lib/../lib] ==> dir [/usr/lib/../lib]
    arg [-L/usr/lib/gcc/x86_64-linux-gnu/9/../../..] ==> dir [/usr/lib/gcc/x86_64-linux-gnu/9/../../..]
    arg [CMakeFiles/cmTC_25023.dir/CMakeCXXCompilerABI.cpp.o] ==> ignore
    arg [-lstdc++] ==> lib [stdc++]
    arg [-lm] ==> lib [m]
    arg [-lgcc_s] ==> lib [gcc_s]
    arg [-lgcc] ==> lib [gcc]
    arg [-lc] ==> lib [c]
    arg [-lgcc_s] ==> lib [gcc_s]
    arg [-lgcc] ==> lib [gcc]
    arg [/usr/lib/gcc/x86_64-linux-gnu/9/crtendS.o] ==> ignore
    arg [/usr/lib/gcc/x86_64-linux-gnu/9/../../../x86_64-linux-gnu/crtn.o] ==> ignore
  collapse library dir [/usr/lib/gcc/x86_64-linux-gnu/9] ==> [/usr/lib/gcc/x86_64-linux-gnu/9]
  collapse library dir [/usr/lib/gcc/x86_64-linux-gnu/9/../../../x86_64-linux-gnu] ==> [/usr/lib/x86_64-linux-gnu]
  collapse library dir [/usr/lib/gcc/x86_64-linux-gnu/9/../../../../lib] ==> [/usr/lib]
  collapse library dir [/lib/x86_64-linux-gnu] ==> [/lib/x86_64-linux-gnu]
  collapse library dir [/lib/../lib] ==> [/lib]
  collapse library dir [/usr/lib/x86_64-linux-gnu] ==> [/usr/lib/x86_64-linux-gnu]
  collapse library dir [/usr/lib/../lib] ==> [/usr/lib]
  collapse library dir [/usr/lib/gcc/x86_64-linux-gnu/9/../../..] ==> [/usr/lib]
  implicit libs: [stdc++;m;gcc_s;gcc;c;gcc_s;gcc]
  implicit dirs: [/usr/lib/gcc/x86_64-linux-gnu/9;/usr/lib/x86_64-linux-gnu;/usr/lib;/lib/x86_64-linux-gnu;/lib]
  implicit fwks: []


Performing C++ SOURCE FILE Test HAS_FLAG_-std=c17 succeeded with the following output:
Change Dir: /container/build/CMakeFiles/CMakeTmp

Run Build Command(s):/usr/bin/make cmTC_f9bcf/fast && /usr/bin/make -f CMakeFiles/cmTC_f9bcf.dir/build.make CMakeFiles/cmTC_f9bcf.dir/build
make[1]: Entering directory '/container/build/CMakeFiles/CMakeTmp'
Building CXX object CMakeFiles/cmTC_f9bcf.dir/src.cxx.o
/usr/bin/c++    -DHAS_FLAG_-std=c17   -std=c++17 -o CMakeFiles/cmTC_f9bcf.dir/src.cxx.o -c /container/build/CMakeFiles/CMakeTmp/src.cxx
<command-line>: warning: ISO C++11 requires whitespace after the macro name
Linking CXX executable cmTC_f9bcf
/usr/bin/cmake -E cmake_link_script CMakeFiles/cmTC_f9bcf.dir/link.txt --verbose=1
/usr/bin/c++   -DHAS_FLAG_-std=c17    CMakeFiles/cmTC_f9bcf.dir/src.cxx.o  -o cmTC_f9bcf 
make[1]: Leaving directory '/container/build/CMakeFiles/CMakeTmp'


Source file was:
int main() { return 0; }
Performing C++ SOURCE FILE Test HAS_FLAG_-Wno-deprecated-declarations succeeded with the following output:
Change Dir: /container/build/CMakeFiles/CMakeTmp

Run Build Command(s):/usr/bin/make cmTC_2eed7/fast && /usr/bin/make -f CMakeFiles/cmTC_2eed7.dir/build.make CMakeFiles/cmTC_2eed7.dir/build
make[1]: Entering directory '/container/build/CMakeFiles/CMakeTmp'
Building CXX object CMakeFiles/cmTC_2eed7.dir/src.cxx.o
/usr/bin/c++    -DHAS_FLAG_-Wno-deprecated-declarations   -Wno-deprecated-declarations -o CMakeFiles/cmTC_2eed7.dir/src.cxx.o -c /container/build/CMakeFiles/CMakeTmp/src.cxx
<command-line>: warning: ISO C++11 requires whitespace after the macro name
Linking CXX executable cmTC_2eed7
/usr/bin/cmake -E cmake_link_script CMakeFiles/cmTC_2eed7.dir/link.txt --verbose=1
/usr/bin/c++   -DHAS_FLAG_-Wno-deprecated-declarations    CMakeFiles/cmTC_2eed7.dir/src.cxx.o  -o cmTC_2eed7 
make[1]: Leaving directory '/container/build/CMakeFiles/CMakeTmp'


Source file was:
int main() { return 0; }
Performing C++ SOURCE FILE Test HAS_FLAG_-Wno-ignored-attributes succeeded with the following output:
Change Dir: /container/build/CMakeFiles/CMakeTmp

Run Build Command(s):/usr/bin/make cmTC_b412e/fast && /usr/bin/make -f CMakeFiles/cmTC_b412e.dir/build.make CMakeFiles/cmTC_b412e.dir/build
make[1]: Entering directory '/container/build/CMakeFiles/CMakeTmp'
Building CXX object CMakeFiles/cmTC_b412e.dir/src.cxx.o
/usr/bin/c++    -Wno-deprecated-declarations -DHAS_FLAG_-Wno-ignored-attributes   -Wno-ignored-attributes -o CMakeFiles/cmTC_b412e.dir/src.cxx.o -c /container/build/CMakeFiles/CMakeTmp/src.cxx
<command-line>: warning: ISO C++11 requires whitespace after the macro name
Linking CXX executable cmTC_b412e
/usr/bin/cmake -E cmake_link_script CMakeFiles/cmTC_b412e.dir/link.txt --verbose=1
/usr/bin/c++    -Wno-deprecated-declarations -DHAS_FLAG_-Wno-ignored-attributes    CMakeFiles/cmTC_b412e.dir/src.cxx.o  -o cmTC_b412e 
make[1]: Leaving directory '/container/build/CMakeFiles/CMakeTmp'


Source file was:
int main() { return 0; }
Performing C++ SOURCE FILE Test HAS_FLAG_-std=c17 succeeded with the following output:
Change Dir: /container/build/CMakeFiles/CMakeTmp

Run Build Command(s):/usr/bin/make cmTC_1dc1a/fast && /usr/bin/make -f CMakeFiles/cmTC_1dc1a.dir/build.make CMakeFiles/cmTC_1dc1a.dir/build
make[1]: Entering directory '/container/build/CMakeFiles/CMakeTmp'
Building CXX object CMakeFiles/cmTC_1dc1a.dir/src.cxx.o
/usr/bin/c++    -Wno-deprecated-declarations -DHAS_FLAG_-std=c17   -std=c++17 -o CMakeFiles/cmTC_1dc1a.dir/src.cxx.o -c /container/build/CMakeFiles/CMakeTmp/src.cxx
<command-line>: warning: ISO C++11 requires whitespace after the macro name
Linking CXX executable cmTC_1dc1a
/usr/bin/cmake -E cmake_link_script CMakeFiles/cmTC_1dc1a.dir/link.txt --verbose=1
/usr/bin/c++    -Wno-deprecated-declarations -DHAS_FLAG_-std=c17    CMakeFiles/cmTC_1dc1a.dir/src.cxx.o  -o cmTC_1dc1a 
make[1]: Leaving directory '/container/build/CMakeFiles/CMakeTmp'


Source file was:
int main() { return 0; }
Performing C++ SOURCE FILE Test HAS_FLAG_-std=c17 succeeded with the following output:
Change Dir: /container/build/CMakeFiles/CMakeTmp

Run Build Command(s):/usr/bin/make cmTC_1026c/fast && /usr/bin/make -f CMakeFiles/cmTC_1026c.dir/build.make CMakeFiles/cmTC_1026c.dir/build
make[1]: Entering directory '/container/build/CMakeFiles/CMakeTmp'
Building CXX object CMakeFiles/cmTC_1026c.dir/src.cxx.o
/usr/bin/c++    -Wno-deprecated-declarations  -Wno-deprecated-declarations -DHAS_FLAG_-std=c17   -std=c++17 -o CMakeFiles/cmTC_1026c.dir/src.cxx.o -c /container/build/CMakeFiles/CMakeTmp/src.cxx
<command-line>: warning: ISO C++11 requires whitespace after the macro name
Linking CXX executable cmTC_1026c
/usr/bin/cmake -E cmake_link_script CMakeFiles/cmTC_1026c.dir/link.txt --verbose=1
/usr/bin/c++    -Wno-deprecated-declarations  -Wno-deprecated-declarations -DHAS_FLAG_-std=c17    CMakeFiles/cmTC_1026c.dir/src.cxx.o  -o cmTC_1026c 
make[1]: Leaving directory '/container/build/CMakeFiles/CMakeTmp'


Source file was:
int main() { return 0; }
Performing C++ SOURCE FILE Test HAS_FLAG_-std=c17 succeeded with the following output:
Change Dir: /container/build/CMakeFiles/CMakeTmp

Run Build Command(s):/usr/bin/make cmTC_52f2a/fast && make[1]: Entering directory '/container/build/CMakeFiles/CMakeTmp'
/usr/bin/make -f CMakeFiles/cmTC_52f2a.dir/build.make CMakeFiles/cmTC_52f2a.dir/build
make[2]: Entering directory '/container/build/CMakeFiles/CMakeTmp'
Building CXX object CMakeFiles/cmTC_52f2a.dir/src.cxx.o
/usr/bin/c++    -Wno-deprecated-declarations  -Wno-deprecated-declarations  -Wno-deprecated-declarations -DHAS_FLAG_-std=c17   -std=c++17 -o CMakeFiles/cmTC_52f2a.dir/src.cxx.o -c /container/build/CMakeFiles/CMakeTmp/src.cxx
<command-line>: warning: ISO C++11 requires whitespace after the macro name
Linking CXX executable cmTC_52f2a
/usr/bin/cmake -E cmake_link_script CMakeFiles/cmTC_52f2a.dir/link.txt --verbose=1
/usr/bin/c++    -Wno-deprecated-declarations  -Wno-deprecated-declarations  -Wno-deprecated-declarations -DHAS_FLAG_-std=c17    CMakeFiles/cmTC_52f2a.dir/src.cxx.o  -o cmTC_52f2a 
make[2]: Leaving directory '/container/build/CMakeFiles/CMakeTmp'
make[1]: Leaving directory '/container/build/CMakeFiles/CMakeTmp'


Source file was:
int main() { return 0; }
Performing C++ SOURCE FILE Test HAS_FLAG_-std=c17 succeeded with the following output:
Change Dir: /container/build/CMakeFiles/CMakeTmp

Run Build Command(s):/usr/bin/make cmTC_d22ad/fast && /usr/bin/make -f CMakeFiles/cmTC_d22ad.dir/build.make CMakeFiles/cmTC_d22ad.dir/build
make[1]: Entering directory '/container/build/CMakeFiles/CMakeTmp'
Building CXX object CMakeFiles/cmTC_d22ad.dir/src.cxx.o
/usr/bin/c++    -Wno-deprecated-declarations  -Wno-deprecated-declarations  -Wno-deprecated-declarations  -Wno-deprecated-declarations -DHAS_FLAG_-std=c17   -std=c++17 -o CMakeFiles/cmTC_d22ad.dir/src.cxx.o -c /container/build/CMakeFiles/CMakeTmp/src.cxx
<command-line>: warning: ISO C++11 requires whitespace after the macro name
Linking CXX executable cmTC_d22ad
/usr/bin/cmake -E cmake_link_script CMakeFiles/cmTC_d22ad.dir/link.txt --verbose=1
/usr/bin/c++    -Wno-deprecated-declarations  -Wno-deprecated-declarations  -Wno-deprecated-declarations  -Wno-deprecated-declarations -DHAS_FLAG_-std=c17    CMakeFiles/cmTC_d22ad.dir/src.cxx.o  -o cmTC_d22ad 
make[1]: Leaving directory '/container/build/CMakeFiles/CMakeTmp'


Source file was:
int main() { return 0; }
Performing C++ SOURCE FILE Test HAS_FLAG_-std=c17 succeeded with the following output:
Change Dir: /container/build/CMakeFiles/CMakeTmp

Run Build Command(s):/usr/bin/make cmTC_ed010/fast && make[1]: Entering directory '/container/build/CMakeFiles/CMakeTmp'
/usr/bin/make -f CMakeFiles/cmTC_ed010.dir/build.make CMakeFiles/cmTC_ed010.dir/build
make[2]: Entering directory '/container/build/CMakeFiles/CMakeTmp'
Building CXX object CMakeFiles/cmTC_ed010.dir/src.cxx.o
/usr/bin/c++    -Wno-deprecated-declarations  -Wno-deprecated-declarations  -Wno-deprecated-declarations  -Wno-deprecated-declarations  -Wno-deprecated-declarations -DHAS_FLAG_-std=c17   -std=c++17 -o CMakeFiles/cmTC_ed010.dir/src.cxx.o -c /container/build/CMakeFiles/CMakeTmp/src.cxx
<command-line>: warning: ISO C++11 requires whitespace after the macro name
Linking CXX executable cmTC_ed010
/usr/bin/cmake -E cmake_link_script CMakeFiles/cmTC_ed010.dir/link.txt --verbose=1
/usr/bin/c++    -Wno-deprecated-declarations  -Wno-deprecated-declarations  -Wno-deprecated-declarations  -Wno-deprecated-declarations  -Wno-deprecated-declarations -DHAS_FLAG_-std=c17    CMakeFiles/cmTC_ed010.dir/src.cxx.o  -o cmTC_ed010 
make[2]: Leaving directory '/container/build/CMakeFiles/CMakeTmp'
make[1]: Leaving directory '/container/build/CMakeFiles/CMakeTmp'


Source file was:
int main() { return 0; }
Performing C++ SOURCE FILE Test HAS_FLAG_-std=c17 succeeded with the following output:
Change Dir: /container/build/CMakeFiles/CMakeTmp

Run Build Command(s):/usr/bin/make cmTC_15073/fast && /usr/bin/make -f CMakeFiles/cmTC_15073.dir/build.make CMakeFiles/cmTC_15073.dir/build
make[1]: Entering directory '/container/build/CMakeFiles/CMakeTmp'
Building CXX object CMakeFiles/cmTC_15073.dir/src.cxx.o
/usr/bin/c++    -Wno-deprecated-declarations  -Wno-deprecated-declarations  -Wno-deprecated-declarations  -Wno-deprecated-declarations  -Wno-deprecated-declarations  -Wno-deprecated-declarations -DHAS_FLAG_-std=c17   -std=c++17 -o CMakeFiles/cmTC_15073.dir/src.cxx.o -c /container/build/CMakeFiles/CMakeTmp/src.cxx
<command-line>: warning: ISO C++11 requires whitespace after the macro name
Linking CXX executable cmTC_15073
/usr/bin/cmake -E cmake_link_script CMakeFiles/cmTC_15073.dir/link.txt --verbose=1
/usr/bin/c++    -Wno-deprecated-declarations  -Wno-deprecated-declarations  -Wno-deprecated-declarations  -Wno-deprecated-declarations  -Wno-deprecated-declarations  -Wno-deprecated-declarations -DHAS_FLAG_-std=c17    CMakeFiles/cmTC_15073.dir/src.cxx.o  -o cmTC_15073 
make[1]: Leaving directory '/container/build/CMakeFiles/CMakeTmp'


Source file was:
int main() { return 0; }
Performing C++ SOURCE FILE Test HAS_FLAG_-std=c17 succeeded with the following output:
Change Dir: /container/build/CMakeFiles/CMakeTmp

Run Build Command(s):/usr/bin/make cmTC_73182/fast && make[1]: Entering directory '/container/build/CMakeFiles/CMakeTmp'
/usr/bin/make -f CMakeFiles/cmTC_73182.dir/build.make CMakeFiles/cmTC_73182.dir/build
make[2]: Entering directory '/container/build/CMakeFiles/CMakeTmp'
Building CXX object CMakeFiles/cmTC_73182.dir/src.cxx.o
/usr/bin/c++    -Wno-deprecated-declarations  -Wno-deprecated-declarations  -Wno-deprecated-declarations  -Wno-deprecated-declarations  -Wno-deprecated-declarations  -Wno-deprecated-declarations  -Wno-deprecated-declarations -DHAS_FLAG_-std=c17   -std=c++17 -o CMakeFiles/cmTC_73182.dir/src.cxx.o -c /container/build/CMakeFiles/CMakeTmp/src.cxx
<command-line>: warning: ISO C++11 requires whitespace after the macro name
Linking CXX executable cmTC_73182
/usr/bin/cmake -E cmake_link_script CMakeFiles/cmTC_73182.dir/link.txt --verbose=1
/usr/bin/c++    -Wno-deprecated-declarations  -Wno-deprecated-declarations  -Wno-deprecated-declarations  -Wno-deprecated-declarations  -Wno-deprecated-declarations  -Wno-deprecated-declarations  -Wno-deprecated-declarations -DHAS_FLAG_-std=c17    CMakeFiles/cmTC_73182.dir/src.cxx.o  -o cmTC_73182 
make[2]: Leaving directory '/container/build/CMakeFiles/CMakeTmp'
make[1]: Leaving directory '/container/build/CMakeFiles/CMakeTmp'


Source file was:
int main() { return 0; }
Performing C++ SOURCE FILE Test HAS_FLAG_-std=c17 succeeded with the following output:
Change Dir: /container/build/CMakeFiles/CMakeTmp

Run Build Command(s):/usr/bin/make cmTC_af6d4/fast && make[1]: Entering directory '/container/build/CMakeFiles/CMakeTmp'
/usr/bin/make -f CMakeFiles/cmTC_af6d4.dir/build.make CMakeFiles/cmTC_af6d4.dir/build
make[2]: Entering directory '/container/build/CMakeFiles/CMakeTmp'
Building CXX object CMakeFiles/cmTC_af6d4.dir/src.cxx.o
/usr/bin/c++    -Wno-deprecated-declarations  -Wno-deprecated-declarations  -Wno-deprecated-declarations  -Wno-deprecated-declarations  -Wno-deprecated-declarations  -Wno-deprecated-declarations  -Wno-deprecated-declarations  -Wno-deprecated-declarations -DHAS_FLAG_-std=c17   -std=c++17 -o CMakeFiles/cmTC_af6d4.dir/src.cxx.o -c /container/build/CMakeFiles/CMakeTmp/src.cxx
<command-line>: warning: ISO C++11 requires whitespace after the macro name
Linking CXX executable cmTC_af6d4
/usr/bin/cmake -E cmake_link_script CMakeFiles/cmTC_af6d4.dir/link.txt --verbose=1
/usr/bin/c++    -Wno-deprecated-declarations  -Wno-deprecated-declarations  -Wno-deprecated-declarations  -Wno-deprecated-declarations  -Wno-deprecated-declarations  -Wno-deprecated-declarations  -Wno-deprecated-declarations  -Wno-deprecated-declarations -DHAS_FLAG_-std=c17    CMakeFiles/cmTC_af6d4.dir/src.cxx.o  -o cmTC_af6d4 
make[2]: Leaving directory '/container/build/CMakeFiles/CMakeTmp'
make[1]: Leaving directory '/container/build/CMakeFiles/CMakeTmp'


Source file was:
int main() { return 0; }
Performing C++ SOURCE FILE Test HAS_FLAG_-std=c17 succeeded with the following output:
Change Dir: /container/build/CMakeFiles/CMakeTmp

Run Build Command(s):/usr/bin/make cmTC_a14e0/fast && make[1]: Entering directory '/container/build/CMakeFiles/CMakeTmp'
/usr/bin/make -f CMakeFiles/cmTC_a14e0.dir/build.make CMakeFiles/cmTC_a14e0.dir/build
make[2]: Entering directory '/container/build/CMakeFiles/CMakeTmp'
Building CXX object CMakeFiles/cmTC_a14e0.dir/src.cxx.o
/usr/bin/c++    -Wno-deprecated-declarations  -Wno-deprecated-declarations  -Wno-deprecated-declarations  -Wno-deprecated-declarations  -Wno-deprecated-declarations  -Wno-deprecated-declarations  -Wno-deprecated-declarations  -Wno-deprecated-declarations  -Wno-deprecated-declarations -DHAS_FLAG_-std=c17   -std=c++17 -o CMakeFiles/cmTC_a14e0.dir/src.cxx.o -c /container/build/CMakeFiles/CMakeTmp/src.cxx
<command-line>: warning: ISO C++11 requires whitespace after the macro name
Linking CXX executable cmTC_a14e0
/usr/bin/cmake -E cmake_link_script CMakeFiles/cmTC_a14e0.dir/link.txt --verbose=1
/usr/bin/c++    -Wno-deprecated-declarations  -Wno-deprecated-declarations  -Wno-deprecated-declarations  -Wno-deprecated-declarations  -Wno-deprecated-declarations  -Wno-deprecated-declarations  -Wno-deprecated-declarations  -Wno-deprecated-declarations  -Wno-deprecated-declarations -DHAS_FLAG_-std=c17    CMakeFiles/cmTC_a14e0.dir/src.cxx.o  -o cmTC_a14e0 
make[2]: Leaving directory '/container/build/CMakeFiles/CMakeTmp'
make[1]: Leaving directory '/container/build/CMakeFiles/CMakeTmp'


Source file was:
int main() { return 0; }
Performing C++ SOURCE FILE Test HAS_FLAG_-std=c17 succeeded with the following output:
Change Dir: /container/build/CMakeFiles/CMakeTmp

Run Build Command(s):/usr/bin/make cmTC_7c39b/fast && /usr/bin/make -f CMakeFiles/cmTC_7c39b.dir/build.make CMakeFiles/cmTC_7c39b.dir/build
make[1]: Entering directory '/container/build/CMakeFiles/CMakeTmp'
Building CXX object CMakeFiles/cmTC_7c39b.dir/src.cxx.o
/usr/bin/c++    -Wno-deprecated-declarations  -Wno-deprecated-declarations  -Wno-deprecated-declarations  -Wno-deprecated-declarations  -Wno-deprecated-declarations  -Wno-deprecated-declarations  -Wno-deprecated-declarations  -Wno-deprecated-declarations  -Wno-deprecated-declarations  -Wno-deprecated-declarations -DHAS_FLAG_-std=c17   -std=c++17 -o CMakeFiles/cmTC_7c39b.dir/src.cxx.o -c /container/build/CMakeFiles/CMakeTmp/src.cxx
<command-line>: warning: ISO C++11 requires whitespace after the macro name
Linking CXX executable cmTC_7c39b
/usr/bin/cmake -E cmake_link_script CMakeFiles/cmTC_7c39b.dir/link.txt --verbose=1
/usr/bin/c++    -Wno-deprecated-declarations  -Wno-deprecated-declarations  -Wno-deprecated-declarations  -Wno-deprecated-declarations  -Wno-deprecated-declarations  -Wno-deprecated-declarations  -Wno-deprecated-declarations  -Wno-deprecated-declarations  -Wno-deprecated-declarations  -Wno-deprecated-declarations -DHAS_FLAG_-std=c17    CMakeFiles/cmTC_7c39b.dir/src.cxx.o  -o cmTC_7c39b 
make[1]: Leaving directory '/container/build/CMakeFiles/CMakeTmp'


Source file was:
int main() { return 0; }
Performing C++ SOURCE FILE Test HAS_FLAG_-std=c17 succeeded with the following output:
Change Dir: /container/build/CMakeFiles/CMakeTmp

Run Build Command(s):/usr/bin/make cmTC_bd926/fast && make[1]: Entering directory '/container/build/CMakeFiles/CMakeTmp'
/usr/bin/make -f CMakeFiles/cmTC_bd926.dir/build.make CMakeFiles/cmTC_bd926.dir/build
make[2]: Entering directory '/container/build/CMakeFiles/CMakeTmp'
Building CXX object CMakeFiles/cmTC_bd926.dir/src.cxx.o
/usr/bin/c++    -Wno-deprecated-declarations  -Wno-deprecated-declarations  -Wno-deprecated-declarations  -Wno-deprecated-declarations  -Wno-deprecated-declarations  -Wno-deprecated-declarations  -Wno-deprecated-declarations  -Wno-deprecated-declarations  -Wno-deprecated-declarations  -Wno-deprecated-declarations  -Wno-deprecated-declarations -DHAS_FLAG_-std=c17   -std=c++17 -o CMakeFiles/cmTC_bd926.dir/src.cxx.o -c /container/build/CMakeFiles/CMakeTmp/src.cxx
<command-line>: warning: ISO C++11 requires whitespace after the macro name
Linking CXX executable cmTC_bd926
/usr/bin/cmake -E cmake_link_script CMakeFiles/cmTC_bd926.dir/link.txt --verbose=1
/usr/bin/c++    -Wno-deprecated-declarations  -Wno-deprecated-declarations  -Wno-deprecated-declarations  -Wno-deprecated-declarations  -Wno-deprecated-declarations  -Wno-deprecated-declarations  -Wno-deprecated-declarations  -Wno-deprecated-declarations  -Wno-deprecated-declarations  -Wno-deprecated-declarations  -Wno-deprecated-declarations -DHAS_FLAG_-std=c17    CMakeFiles/cmTC_bd926.dir/src.cxx.o  -o cmTC_bd926 
make[2]: Leaving directory '/container/build/CMakeFiles/CMakeTmp'
make[1]: Leaving directory '/container/build/CMakeFiles/CMakeTmp'


Source file was:
int main() { return 0; }
Performing C++ SOURCE FILE Test HAS_FLAG_-std=c17 succeeded with the following output:
Change Dir: /container/build/CMakeFiles/CMakeTmp

Run Build Command(s):/usr/bin/make cmTC_e296b/fast && make[1]: Entering directory '/container/build/CMakeFiles/CMakeTmp'
/usr/bin/make -f CMakeFiles/cmTC_e296b.dir/build.make CMakeFiles/cmTC_e296b.dir/build
make[2]: Entering directory '/container/build/CMakeFiles/CMakeTmp'
Building CXX object CMakeFiles/cmTC_e296b.dir/src.cxx.o
/usr/bin/c++    -Wno-deprecated-declarations  -Wno-deprecated-declarations  -Wno-deprecated-declarations  -Wno-deprecated-declarations  -Wno-deprecated-declarations  -Wno-deprecated-declarations  -Wno-deprecated-declarations  -Wno-deprecated-declarations  -Wno-deprecated-declarations  -Wno-deprecated-declarations  -Wno-deprecated-declarations  -Wno-deprecated-declarations -DHAS_FLAG_-std=c17   -std=c++17 -o CMakeFiles/cmTC_e296b.dir/src.cxx.o -c /container/build/CMakeFiles/CMakeTmp/src.cxx
<command-line>: warning: ISO C++11 requires whitespace after the macro name
Linking CXX executable cmTC_e296b
/usr/bin/cmake -E cmake_link_script CMakeFiles/cmTC_e296b.dir/link.txt --verbose=1
/usr/bin/c++    -Wno-deprecated-declarations  -Wno-deprecated-declarations  -Wno-deprecated-declarations  -Wno-deprecated-declarations  -Wno-deprecated-declarations  -Wno-deprecated-declarations  -Wno-deprecated-declarations  -Wno-deprecated-declarations  -Wno-deprecated-declarations  -Wno-deprecated-declarations  -Wno-deprecated-declarations  -Wno-deprecated-declarations -DHAS_FLAG_-std=c17    CMakeFiles/cmTC_e296b.dir/src.cxx.o  -o cmTC_e296b 
make[2]: Leaving directory '/container/build/CMakeFiles/CMakeTmp'
make[1]: Leaving directory '/container/build/CMakeFiles/CMakeTmp'


Source file was:
int main() { return 0; }
Performing C++ SOURCE FILE Test HAS_FLAG_-std=c17 succeeded with the following output:
Change Dir: /container/build/CMakeFiles/CMakeTmp

Run Build Command(s):/usr/bin/make cmTC_eaaa0/fast && make[1]: Entering directory '/container/build/CMakeFiles/CMakeTmp'
/usr/bin/make -f CMakeFiles/cmTC_eaaa0.dir/build.make CMakeFiles/cmTC_eaaa0.dir/build
make[2]: Entering directory '/container/build/CMakeFiles/CMakeTmp'
Building CXX object CMakeFiles/cmTC_eaaa0.dir/src.cxx.o
/usr/bin/c++    -Wno-deprecated-declarations  -Wno-deprecated-declarations  -Wno-deprecated-declarations  -Wno-deprecated-declarations  -Wno-deprecated-declarations  -Wno-deprecated-declarations  -Wno-deprecated-declarations  -Wno-deprecated-declarations  -Wno-deprecated-declarations  -Wno-deprecated-declarations  -Wno-deprecated-declarations  -Wno-deprecated-declarations  -Wno-deprecated-declarations -DHAS_FLAG_-std=c17   -std=c++17 -o CMakeFiles/cmTC_eaaa0.dir/src.cxx.o -c /container/build/CMakeFiles/CMakeTmp/src.cxx
<command-line>: warning: ISO C++11 requires whitespace after the macro name
Linking CXX executable cmTC_eaaa0
/usr/bin/cmake -E cmake_link_script CMakeFiles/cmTC_eaaa0.dir/link.txt --verbose=1
/usr/bin/c++    -Wno-deprecated-declarations  -Wno-deprecated-declarations  -Wno-deprecated-declarations  -Wno-deprecated-declarations  -Wno-deprecated-declarations  -Wno-deprecated-declarations  -Wno-deprecated-declarations  -Wno-deprecated-declarations  -Wno-deprecated-declarations  -Wno-deprecated-declarations  -Wno-deprecated-declarations  -Wno-deprecated-declarations  -Wno-deprecated-declarations -DHAS_FLAG_-std=c17    CMakeFiles/cmTC_eaaa0.dir/src.cxx.o  -o cmTC_eaaa0 
make[2]: Leaving directory '/container/build/CMakeFiles/CMakeTmp'
make[1]: Leaving directory '/container/build/CMakeFiles/CMakeTmp'


Source file was:
int main() { return 0; }
Performing C++ SOURCE FILE Test HAS_FLAG_-std=c17 succeeded with the following output:
Change Dir: /container/build/CMakeFiles/CMakeTmp

Run Build Command(s):/usr/bin/make cmTC_e8314/fast && make[1]: Entering directory '/container/build/CMakeFiles/CMakeTmp'
/usr/bin/make -f CMakeFiles/cmTC_e8314.dir/build.make CMakeFiles/cmTC_e8314.dir/build
make[2]: Entering directory '/container/build/CMakeFiles/CMakeTmp'
Building CXX object CMakeFiles/cmTC_e8314.dir/src.cxx.o
/usr/bin/c++    -Wno-deprecated-declarations  -Wno-deprecated-declarations  -Wno-deprecated-declarations  -Wno-deprecated-declarations  -Wno-deprecated-declarations  -Wno-deprecated-declarations  -Wno-deprecated-declarations  -Wno-deprecated-declarations  -Wno-deprecated-declarations  -Wno-deprecated-declarations  -Wno-deprecated-declarations  -Wno-deprecated-declarations  -Wno-deprecated-declarations  -Wno-deprecated-declarations -DHAS_FLAG_-std=c17   -std=c++17 -o CMakeFiles/cmTC_e8314.dir/src.cxx.o -c /container/build/CMakeFiles/CMakeTmp/src.cxx
<command-line>: warning: ISO C++11 requires whitespace after the macro name
Linking CXX executable cmTC_e8314
/usr/bin/cmake -E cmake_link_script CMakeFiles/cmTC_e8314.dir/link.txt --verbose=1
/usr/bin/c++    -Wno-deprecated-declarations  -Wno-deprecated-declarations  -Wno-deprecated-declarations  -Wno-deprecated-declarations  -Wno-deprecated-declarations  -Wno-deprecated-declarations  -Wno-deprecated-declarations  -Wno-deprecated-declarations  -Wno-deprecated-declarations  -Wno-deprecated-declarations  -Wno-deprecated-declarations  -Wno-deprecated-declarations  -Wno-deprecated-declarations  -Wno-deprecated-declarations -DHAS_FLAG_-std=c17    CMakeFiles/cmTC_e8314.dir/src.cxx.o  -o cmTC_e8314 
make[2]: Leaving directory '/container/build/CMakeFiles/CMakeTmp'
make[1]: Leaving directory '/container/build/CMakeFiles/CMakeTmp'


Source file was:
int main() { return 0; }
Performing C++ SOURCE FILE Test HAS_FLAG_-std=c17 succeeded with the following output:
Change Dir: /container/build/CMakeFiles/CMakeTmp

Run Build Command(s):/usr/bin/make cmTC_afdb3/fast && make[1]: Entering directory '/container/build/CMakeFiles/CMakeTmp'
/usr/bin/make -f CMakeFiles/cmTC_afdb3.dir/build.make CMakeFiles/cmTC_afdb3.dir/build
make[2]: Entering directory '/container/build/CMakeFiles/CMakeTmp'
Building CXX object CMakeFiles/cmTC_afdb3.dir/src.cxx.o
/usr/bin/c++    -Wno-deprecated-declarations  -Wno-deprecated-declarations  -Wno-deprecated-declarations  -Wno-deprecated-declarations  -Wno-deprecated-declarations  -Wno-deprecated-declarations  -Wno-deprecated-declarations  -Wno-deprecated-declarations  -Wno-deprecated-declarations  -Wno-deprecated-declarations  -Wno-deprecated-declarations  -Wno-deprecated-declarations  -Wno-deprecated-declarations  -Wno-deprecated-declarations  -Wno-deprecated-declarations -DHAS_FLAG_-std=c17   -std=c++17 -o CMakeFiles/cmTC_afdb3.dir/src.cxx.o -c /container/build/CMakeFiles/CMakeTmp/src.cxx
<command-line>: warning: ISO C++11 requires whitespace after the macro name
Linking CXX executable cmTC_afdb3
/usr/bin/cmake -E cmake_link_script CMakeFiles/cmTC_afdb3.dir/link.txt --verbose=1
/usr/bin/c++    -Wno-deprecated-declarations  -Wno-deprecated-declarations  -Wno-deprecated-declarations  -Wno-deprecated-declarations  -Wno-deprecated-declarations  -Wno-deprecated-declarations  -Wno-deprecated-declarations  -Wno-deprecated-declarations  -Wno-deprecated-declarations  -Wno-deprecated-declarations  -Wno-deprecated-declarations  -Wno-deprecated-declarations  -Wno-deprecated-declarations  -Wno-deprecated-declarations  -Wno-deprecated-declarations -DHAS_FLAG_-std=c17    CMakeFiles/cmTC_afdb3.dir/src.cxx.o  -o cmTC_afdb3 
make[2]: Leaving directory '/container/build/CMakeFiles/CMakeTmp'
make[1]: Leaving directory '/container/build/CMakeFiles/CMakeTmp'


Source file was:
int main() { return 0; }
Performing C++ SOURCE FILE Test HAS_FLAG_-std=c17 succeeded with the following output:
Change Dir: /container/build/CMakeFiles/CMakeTmp

Run Build Command(s):/usr/bin/make cmTC_5cde0/fast && make[1]: Entering directory '/container/build/CMakeFiles/CMakeTmp'
/usr/bin/make -f CMakeFiles/cmTC_5cde0.dir/build.make CMakeFiles/cmTC_5cde0.dir/build
make[2]: Entering directory '/container/build/CMakeFiles/CMakeTmp'
Building CXX object CMakeFiles/cmTC_5cde0.dir/src.cxx.o
/usr/bin/c++    -Wno-deprecated-declarations  -Wno-deprecated-declarations  -Wno-deprecated-declarations  -Wno-deprecated-declarations  -Wno-deprecated-declarations  -Wno-deprecated-declarations  -Wno-deprecated-declarations  -Wno-deprecated-declarations  -Wno-deprecated-declarations  -Wno-deprecated-declarations  -Wno-deprecated-declarations  -Wno-deprecated-declarations  -Wno-deprecated-declarations  -Wno-deprecated-declarations  -Wno-deprecated-declarations  -Wno-deprecated-declarations -DHAS_FLAG_-std=c17   -std=c++17 -o CMakeFiles/cmTC_5cde0.dir/src.cxx.o -c /container/build/CMakeFiles/CMakeTmp/src.cxx
<command-line>: warning: ISO C++11 requires whitespace after the macro name
Linking CXX executable cmTC_5cde0
/usr/bin/cmake -E cmake_link_script CMakeFiles/cmTC_5cde0.dir/link.txt --verbose=1
/usr/bin/c++    -Wno-deprecated-declarations  -Wno-deprecated-declarations  -Wno-deprecated-declarations  -Wno-deprecated-declarations  -Wno-deprecated-declarations  -Wno-deprecated-declarations  -Wno-deprecated-declarations  -Wno-deprecated-declarations  -Wno-deprecated-declarations  -Wno-deprecated-declarations  -Wno-deprecated-declarations  -Wno-deprecated-declarations  -Wno-deprecated-declarations  -Wno-deprecated-declarations  -Wno-deprecated-declarations  -Wno-deprecated-declarations -DHAS_FLAG_-std=c17    CMakeFiles/cmTC_5cde0.dir/src.cxx.o  -o cmTC_5cde0 
make[2]: Leaving directory '/container/build/CMakeFiles/CMakeTmp'
make[1]: Leaving directory '/container/build/CMakeFiles/CMakeTmp'


Source file was:
int main() { return 0; }
Performing C++ SOURCE FILE Test HAS_FLAG_-std=c17 succeeded with the following output:
Change Dir: /container/build/CMakeFiles/CMakeTmp

Run Build Command(s):/usr/bin/make cmTC_b4da3/fast && make[1]: Entering directory '/container/build/CMakeFiles/CMakeTmp'
/usr/bin/make -f CMakeFiles/cmTC_b4da3.dir/build.make CMakeFiles/cmTC_b4da3.dir/build
make[2]: Entering directory '/container/build/CMakeFiles/CMakeTmp'
Building CXX object CMakeFiles/cmTC_b4da3.dir/src.cxx.o
/usr/bin/c++    -Wno-deprecated-declarations  -Wno-deprecated-declarations  -Wno-deprecated-declarations  -Wno-deprecated-declarations  -Wno-deprecated-declarations  -Wno-deprecated-declarations  -Wno-deprecated-declarations  -Wno-deprecated-declarations  -Wno-deprecated-declarations  -Wno-deprecated-declarations  -Wno-deprecated-declarations  -Wno-deprecated-declarations  -Wno-deprecated-declarations  -Wno-deprecated-declarations  -Wno-deprecated-declarations  -Wno-deprecated-declarations  -Wno-deprecated-declarations -DHAS_FLAG_-std=c17   -std=c++17 -o CMakeFiles/cmTC_b4da3.dir/src.cxx.o -c /container/build/CMakeFiles/CMakeTmp/src.cxx
<command-line>: warning: ISO C++11 requires whitespace after the macro name
Linking CXX executable cmTC_b4da3
/usr/bin/cmake -E cmake_link_script CMakeFiles/cmTC_b4da3.dir/link.txt --verbose=1
/usr/bin/c++    -Wno-deprecated-declarations  -Wno-deprecated-declarations  -Wno-deprecated-declarations  -Wno-deprecated-declarations  -Wno-deprecated-declarations  -Wno-deprecated-declarations  -Wno-deprecated-declarations  -Wno-deprecated-declarations  -Wno-deprecated-declarations  -Wno-deprecated-declarations  -Wno-deprecated-declarations  -Wno-deprecated-declarations  -Wno-deprecated-declarations  -Wno-deprecated-declarations  -Wno-deprecated-declarations  -Wno-deprecated-declarations  -Wno-deprecated-declarations -DHAS_FLAG_-std=c17    CMakeFiles/cmTC_b4da3.dir/src.cxx.o  -o cmTC_b4da3 
make[2]: Leaving directory '/container/build/CMakeFiles/CMakeTmp'
make[1]: Leaving directory '/container/build/CMakeFiles/CMakeTmp'


Source file was:
int main() { return 0; }
Performing C++ SOURCE FILE Test HAS_FLAG_-std=c17 succeeded with the following output:
Change Dir: /container/build/CMakeFiles/CMakeTmp

Run Build Command(s):/usr/bin/make cmTC_1e02d/fast && make[1]: Entering directory '/container/build/CMakeFiles/CMakeTmp'
/usr/bin/make -f CMakeFiles/cmTC_1e02d.dir/build.make CMakeFiles/cmTC_1e02d.dir/build
make[2]: Entering directory '/container/build/CMakeFiles/CMakeTmp'
Building CXX object CMakeFiles/cmTC_1e02d.dir/src.cxx.o
/usr/bin/c++    -Wno-deprecated-declarations  -Wno-deprecated-declarations  -Wno-deprecated-declarations  -Wno-deprecated-declarations  -Wno-deprecated-declarations  -Wno-deprecated-declarations  -Wno-deprecated-declarations  -Wno-deprecated-declarations  -Wno-deprecated-declarations  -Wno-deprecated-declarations  -Wno-deprecated-declarations  -Wno-deprecated-declarations  -Wno-deprecated-declarations  -Wno-deprecated-declarations  -Wno-deprecated-declarations  -Wno-deprecated-declarations  -Wno-deprecated-declarations  -Wno-deprecated-declarations -DHAS_FLAG_-std=c17   -std=c++17 -o CMakeFiles/cmTC_1e02d.dir/src.cxx.o -c /container/build/CMakeFiles/CMakeTmp/src.cxx
<command-line>: warning: ISO C++11 requires whitespace after the macro name
Linking CXX executable cmTC_1e02d
/usr/bin/cmake -E cmake_link_script CMakeFiles/cmTC_1e02d.dir/link.txt --verbose=1
/usr/bin/c++    -Wno-deprecated-declarations  -Wno-deprecated-declarations  -Wno-deprecated-declarations  -Wno-deprecated-declarations  -Wno-deprecated-declarations  -Wno-deprecated-declarations  -Wno-deprecated-declarations  -Wno-deprecated-declarations  -Wno-deprecated-declarations  -Wno-deprecated-declarations  -Wno-deprecated-declarations  -Wno-deprecated-declarations  -Wno-deprecated-declarations  -Wno-deprecated-declarations  -Wno-deprecated-declarations  -Wno-deprecated-declarations  -Wno-deprecated-declarations  -Wno-deprecated-declarations -DHAS_FLAG_-std=c17    CMakeFiles/cmTC_1e02d.dir/src.cxx.o  -o cmTC_1e02d 
make[2]: Leaving directory '/container/build/CMakeFiles/CMakeTmp'
make[1]: Leaving directory '/container/build/CMakeFiles/CMakeTmp'


Source file was:
int main() { return 0; }
